AUTOCREATE
2020-09-02T04:48:43+0200 : 0|admin|login|index|[]
2020-09-02T04:48:50+0200 : 0|admin|login|login|{"username":"admin"}
2020-09-02T04:48:51+0200 : 2|admin|index|index|[]
2020-09-02T04:48:51+0200 : 2|admin|misc|admin-css|{"extjs6":"true?_dc=4008"}
2020-09-02T04:48:51+0200 : 2|admin|user|get-image|[]
2020-09-02T04:48:51+0200 : 2|admin|user|get-current-user|[]
2020-09-02T04:48:51+0200 : 2|admin|misc|json-translations-system|{"language":"en"}
2020-09-02T04:48:51+0200 : 2|admin|misc|json-translations-admin|{"language":"en"}
2020-09-02T04:48:51+0200 : 2|admin|misc|available-languages|[]
2020-09-02T04:48:52+0200 : 2|admin|misc|script-proxy|{"scriptPath":"\/website\/var\/system\/","scripts":"minified_javascript_core_ebf1f6ae2be64f2..."}
2020-09-02T04:48:57+0200 : 2|admin|class|get-tree|{"createAllowed":"true","page":"1","start":"0","limit":"25"}
2020-09-02T04:48:57+0200 : 2|admin|settings|get-available-admin-languages|{"page":"1","start":"0","limit":"25"}
2020-09-02T04:48:57+0200 : 2|admin|class|get-tree|{"page":"1","start":"0","limit":"25"}
2020-09-02T04:48:57+0200 : 2|admin|settings|get-available-sites|{"page":"1","start":"0","limit":"25"}
2020-09-02T04:48:57+0200 : 2|reports|targeting|persona-list|{"page":"1","start":"0","limit":"25"}
2020-09-02T04:48:57+0200 : 2|admin|document|tree-get-root|{"id":"1","view":""}
2020-09-02T04:48:57+0200 : 2|admin|asset|tree-get-root|{"id":"1","view":""}
2020-09-02T04:48:57+0200 : 2|admin|object|tree-get-root|{"id":"","view":""}
2020-09-02T04:48:57+0200 : 2|admin|portal|dashboard-list|[]
2020-09-02T04:48:57+0200 : 2|admin|document|doc-types|{"xaction":"read","page":"1","start":"0","limit":"25"}
2020-09-02T04:48:57+0200 : 2|reports|custom-report|get-report-config|[]
2020-09-02T04:48:57+0200 : 2|admin|object|tree-get-childs-by-id|{"limit":"30","view":"","node":"1"}
2020-09-02T06:00:31+0200 : 0|admin|login|index|[]
2020-09-02T06:00:37+0200 : 0|admin|login|login|{"username":"admin"}
2020-09-02T06:00:37+0200 : 2|admin|index|index|[]
2020-09-02T06:00:38+0200 : 2|admin|misc|admin-css|{"extjs6":"true?_dc=4008"}
2020-09-02T06:00:38+0200 : 2|admin|user|get-image|[]
2020-09-02T06:00:38+0200 : 2|admin|misc|json-translations-system|{"language":"en"}
2020-09-02T06:00:38+0200 : 2|admin|misc|json-translations-admin|{"language":"en"}
2020-09-02T06:00:38+0200 : 2|admin|user|get-current-user|[]
2020-09-02T06:00:38+0200 : 2|admin|misc|available-languages|[]
2020-09-02T06:00:39+0200 : 2|admin|misc|script-proxy|{"scriptPath":"\/website\/var\/system\/","scripts":"minified_javascript_core_432e5d21dc608d6..."}
2020-09-02T06:00:44+0200 : 2|admin|class|get-tree|{"page":"1","start":"0","limit":"25"}
2020-09-02T06:00:44+0200 : 2|admin|settings|get-available-admin-languages|{"page":"1","start":"0","limit":"25"}
2020-09-02T06:00:44+0200 : 2|admin|class|get-tree|{"createAllowed":"true","page":"1","start":"0","limit":"25"}
2020-09-02T06:00:44+0200 : 2|reports|targeting|persona-list|{"page":"1","start":"0","limit":"25"}
2020-09-02T06:00:44+0200 : 2|admin|settings|get-available-sites|{"page":"1","start":"0","limit":"25"}
2020-09-02T06:00:44+0200 : 2|admin|document|tree-get-root|{"id":"1","view":""}
2020-09-02T06:00:44+0200 : 2|admin|asset|tree-get-root|{"id":"1","view":""}
2020-09-02T06:00:44+0200 : 2|admin|object|tree-get-root|{"id":"","view":""}
2020-09-02T06:00:44+0200 : 2|admin|portal|dashboard-list|[]
2020-09-02T06:00:45+0200 : 2|admin|document|doc-types|{"xaction":"read","page":"1","start":"0","limit":"25"}
2020-09-02T06:00:45+0200 : 2|reports|custom-report|get-report-config|[]
2020-09-02T06:00:45+0200 : 2|admin|object|tree-get-childs-by-id|{"limit":"30","view":"","node":"1"}
2020-09-02T06:00:50+0200 : 2|admin|user|tree-get-childs-by-id|{"node":"0"}
2020-09-02T06:00:51+0200 : 2|admin|user|get|{"id":"2"}
2020-09-02T06:00:52+0200 : 2|admin|user|get-image|{"id":"2"}
2020-09-02T06:00:53+0200 : 2|admin|settings|get-available-admin-languages|{"query":"","page":"1","start":"0","limit":"25"}
2020-09-02T06:00:55+0200 : 2|admin|user|update|{"id":"2","data":"{\"displayfield-1154-inputEl\":2,\"password...","workspaces":"{\"asset\":[],\"object\":[],\"document\":[]}"}
2020-09-02T06:00:59+0200 : 2|admin|index|index|[]
2020-09-02T06:00:59+0200 : 2|admin|misc|admin-css|{"extjs6":"true?_dc=4008"}
2020-09-02T06:00:59+0200 : 2|admin|user|get-image|[]
2020-09-02T06:00:59+0200 : 2|admin|misc|json-translations-admin|{"language":"zh_TW"}
2020-09-02T06:00:59+0200 : 2|admin|user|get-current-user|[]
2020-09-02T06:00:59+0200 : 2|admin|misc|json-translations-system|{"language":"zh_TW"}
2020-09-02T06:00:59+0200 : 2|admin|misc|available-languages|[]
2020-09-02T06:01:07+0200 : 2|admin|settings|get-available-admin-languages|{"page":"1","start":"0","limit":"25"}
2020-09-02T06:01:07+0200 : 2|admin|class|get-tree|{"page":"1","start":"0","limit":"25"}
2020-09-02T06:01:07+0200 : 2|admin|class|get-tree|{"createAllowed":"true","page":"1","start":"0","limit":"25"}
2020-09-02T06:01:07+0200 : 2|reports|targeting|persona-list|{"page":"1","start":"0","limit":"25"}
2020-09-02T06:01:07+0200 : 2|admin|settings|get-available-sites|{"page":"1","start":"0","limit":"25"}
2020-09-02T06:01:07+0200 : 2|admin|document|tree-get-root|{"id":"1","view":""}
2020-09-02T06:01:07+0200 : 2|admin|asset|tree-get-root|{"id":"1","view":""}
2020-09-02T06:01:07+0200 : 2|admin|object|tree-get-root|{"id":"","view":""}
2020-09-02T06:01:07+0200 : 2|admin|portal|dashboard-list|[]
2020-09-02T06:01:07+0200 : 2|admin|document|doc-types|{"xaction":"read","page":"1","start":"0","limit":"25"}
2020-09-02T06:01:07+0200 : 2|reports|custom-report|get-report-config|[]
2020-09-02T06:01:08+0200 : 2|admin|object|tree-get-childs-by-id|{"limit":"30","view":"","node":"1"}
2020-09-02T06:01:13+0200 : 2|admin|settings|get-system|[]
2020-09-02T06:01:39+0200 : 2|admin|settings|set-system|{"data":"{\"general.timezone\":\"Asia\\\/Taipei\",\"gene..."}
2020-09-02T12:01:41+0800 : 2|admin|index|index|[]
2020-09-02T12:01:41+0800 : 2|admin|user|get-image|[]
2020-09-02T12:01:41+0800 : 2|admin|misc|admin-css|{"extjs6":"true?_dc=4008"}
2020-09-02T12:01:42+0800 : 2|admin|misc|json-translations-admin|{"language":"zh_TW"}
2020-09-02T12:01:42+0800 : 2|admin|misc|json-translations-system|{"language":"zh_TW"}
2020-09-02T12:01:42+0800 : 2|admin|user|get-current-user|[]
2020-09-02T12:01:42+0800 : 2|admin|misc|available-languages|[]
2020-09-02T12:01:42+0800 : 2|admin|class|get-tree|{"page":"1","start":"0","limit":"25"}
2020-09-02T12:01:42+0800 : 2|admin|settings|get-available-admin-languages|{"page":"1","start":"0","limit":"25"}
2020-09-02T12:01:42+0800 : 2|admin|class|get-tree|{"createAllowed":"true","page":"1","start":"0","limit":"25"}
2020-09-02T12:01:42+0800 : 2|admin|settings|get-available-sites|{"page":"1","start":"0","limit":"25"}
2020-09-02T12:01:43+0800 : 2|reports|targeting|persona-list|{"page":"1","start":"0","limit":"25"}
2020-09-02T12:01:43+0800 : 2|admin|document|tree-get-root|{"id":"1","view":""}
2020-09-02T12:01:43+0800 : 2|admin|asset|tree-get-root|{"id":"1","view":""}
2020-09-02T12:01:43+0800 : 2|admin|object|tree-get-root|{"id":"","view":""}
2020-09-02T12:01:43+0800 : 2|admin|portal|dashboard-list|[]
2020-09-02T12:01:43+0800 : 2|admin|document|doc-types|{"xaction":"read","page":"1","start":"0","limit":"25"}
2020-09-02T12:01:43+0800 : 2|reports|custom-report|get-report-config|[]
2020-09-02T12:01:43+0800 : 2|admin|object|tree-get-childs-by-id|{"limit":"30","view":"","node":"1"}
2020-09-02T12:21:44+0800 : 0|admin|login|index|[]
2020-09-02T12:21:51+0800 : 0|admin|login|login|{"username":"admin"}
2020-09-02T12:21:51+0800 : 0|admin|login|index|{"auth_failed":"true"}
2020-09-02T12:21:57+0800 : 0|admin|login|login|{"username":"admin"}
2020-09-02T12:21:57+0800 : 2|admin|index|index|[]
2020-09-02T12:21:58+0800 : 2|admin|user|get-image|[]
2020-09-02T12:21:58+0800 : 2|admin|misc|admin-css|{"extjs6":"true?_dc=4008"}
2020-09-02T12:21:58+0800 : 2|admin|misc|json-translations-system|{"language":"en"}
2020-09-02T12:21:58+0800 : 2|admin|misc|json-translations-admin|{"language":"en"}
2020-09-02T12:21:58+0800 : 2|admin|user|get-current-user|[]
2020-09-02T12:21:58+0800 : 2|admin|misc|available-languages|[]
2020-09-02T12:21:58+0800 : 2|admin|misc|script-proxy|{"scriptPath":"\/website\/var\/system\/","scripts":"minified_javascript_core_300a65c65ba3ef4..."}
2020-09-02T12:22:03+0800 : 2|admin|class|get-tree|{"page":"1","start":"0","limit":"25"}
2020-09-02T12:22:03+0800 : 2|admin|class|get-tree|{"createAllowed":"true","page":"1","start":"0","limit":"25"}
2020-09-02T12:22:03+0800 : 2|admin|settings|get-available-admin-languages|{"page":"1","start":"0","limit":"25"}
2020-09-02T12:22:03+0800 : 2|admin|settings|get-available-sites|{"page":"1","start":"0","limit":"25"}
2020-09-02T12:22:03+0800 : 2|reports|targeting|persona-list|{"page":"1","start":"0","limit":"25"}
2020-09-02T12:22:03+0800 : 2|admin|document|tree-get-root|{"id":"1","view":""}
2020-09-02T12:22:04+0800 : 2|admin|asset|tree-get-root|{"id":"1","view":""}
2020-09-02T12:22:04+0800 : 2|admin|portal|dashboard-list|[]
2020-09-02T12:22:04+0800 : 2|admin|object|tree-get-root|{"id":"","view":""}
2020-09-02T12:22:04+0800 : 2|admin|document|doc-types|{"xaction":"read","page":"1","start":"0","limit":"25"}
2020-09-02T12:22:04+0800 : 2|reports|custom-report|get-report-config|[]
2020-09-02T12:22:04+0800 : 2|admin|object|tree-get-childs-by-id|{"limit":"30","view":"","node":"1"}
2020-09-02T12:22:07+0800 : 2|admin|user|tree-get-childs-by-id|{"node":"0"}
2020-09-02T12:22:08+0800 : 2|admin|user|get|{"id":"2"}
2020-09-02T12:22:09+0800 : 2|admin|user|get-image|{"id":"2"}
2020-09-02T12:22:10+0800 : 2|admin|settings|get-available-admin-languages|{"query":"","page":"1","start":"0","limit":"25"}
2020-09-02T12:22:13+0800 : 2|admin|user|update|{"id":"2","data":"{\"displayfield-1154-inputEl\":2,\"password...","workspaces":"{\"asset\":[],\"object\":[],\"document\":[]}"}
2020-09-02T12:22:16+0800 : 2|admin|settings|get-system|[]
2020-09-02T12:22:23+0800 : 2|admin|index|index|[]
2020-09-02T12:22:23+0800 : 2|admin|user|get-image|[]
2020-09-02T12:22:23+0800 : 2|admin|misc|admin-css|{"extjs6":"true?_dc=4008"}
2020-09-02T12:22:23+0800 : 2|admin|misc|json-translations-system|{"language":"zh_TW"}
2020-09-02T12:22:23+0800 : 2|admin|misc|json-translations-admin|{"language":"zh_TW"}
2020-09-02T12:22:23+0800 : 2|admin|user|get-current-user|[]
2020-09-02T12:22:23+0800 : 2|admin|misc|available-languages|[]
2020-09-02T12:22:25+0800 : 2|admin|class|get-tree|{"page":"1","start":"0","limit":"25"}
2020-09-02T12:22:25+0800 : 2|admin|settings|get-available-admin-languages|{"page":"1","start":"0","limit":"25"}
2020-09-02T12:22:25+0800 : 2|admin|class|get-tree|{"createAllowed":"true","page":"1","start":"0","limit":"25"}
2020-09-02T12:22:25+0800 : 2|admin|settings|get-available-sites|{"page":"1","start":"0","limit":"25"}
2020-09-02T12:22:25+0800 : 2|admin|document|tree-get-root|{"id":"1","view":""}
2020-09-02T12:22:25+0800 : 2|reports|targeting|persona-list|{"page":"1","start":"0","limit":"25"}
2020-09-02T12:22:26+0800 : 2|admin|asset|tree-get-root|{"id":"1","view":""}
2020-09-02T12:22:26+0800 : 2|admin|object|tree-get-root|{"id":"","view":""}
2020-09-02T12:22:26+0800 : 2|admin|portal|dashboard-list|[]
2020-09-02T12:22:26+0800 : 2|admin|document|doc-types|{"xaction":"read","page":"1","start":"0","limit":"25"}
2020-09-02T12:22:26+0800 : 2|reports|custom-report|get-report-config|[]
2020-09-02T12:22:26+0800 : 2|admin|object|tree-get-childs-by-id|{"limit":"30","view":"","node":"1"}
2020-09-02T12:22:30+0800 : 2|admin|settings|website-settings|{"xaction":"read","page":"1","start":"0","limit":"50"}
2020-09-02T12:22:31+0800 : 2|admin|settings|get-system|[]
2020-09-02T12:22:39+0800 : 2|admin|settings|set-system|{"data":"{\"general.timezone\":\"Asia\\\/Taipei\",\"gene..."}
2020-09-02T12:22:42+0800 : 2|admin|index|index|[]
2020-09-02T12:22:42+0800 : 2|admin|misc|admin-css|{"extjs6":"true?_dc=4008"}
2020-09-02T12:22:42+0800 : 2|admin|user|get-image|[]
2020-09-02T12:22:42+0800 : 2|admin|misc|json-translations-system|{"language":"zh_TW"}
2020-09-02T12:22:43+0800 : 2|admin|misc|json-translations-admin|{"language":"zh_TW"}
2020-09-02T12:22:43+0800 : 2|admin|user|get-current-user|[]
2020-09-02T12:22:43+0800 : 2|admin|misc|available-languages|[]
2020-09-02T12:22:44+0800 : 2|admin|class|get-tree|{"page":"1","start":"0","limit":"25"}
2020-09-02T12:22:44+0800 : 2|admin|class|get-tree|{"createAllowed":"true","page":"1","start":"0","limit":"25"}
2020-09-02T12:22:44+0800 : 2|admin|settings|get-available-admin-languages|{"page":"1","start":"0","limit":"25"}
2020-09-02T12:22:44+0800 : 2|reports|targeting|persona-list|{"page":"1","start":"0","limit":"25"}
2020-09-02T12:22:44+0800 : 2|admin|document|tree-get-root|{"id":"1","view":""}
2020-09-02T12:22:44+0800 : 2|admin|settings|get-available-sites|{"page":"1","start":"0","limit":"25"}
2020-09-02T12:22:44+0800 : 2|admin|asset|tree-get-root|{"id":"1","view":""}
2020-09-02T12:22:44+0800 : 2|admin|object|tree-get-root|{"id":"","view":""}
2020-09-02T12:22:44+0800 : 2|admin|portal|dashboard-list|[]
2020-09-02T12:22:44+0800 : 2|reports|custom-report|get-report-config|[]
2020-09-02T12:22:44+0800 : 2|admin|document|doc-types|{"xaction":"read","page":"1","start":"0","limit":"25"}
2020-09-02T12:22:45+0800 : 2|admin|object|tree-get-childs-by-id|{"limit":"30","view":"","node":"1"}
2020-09-02T12:23:04+0800 : 2|admin|login|logout|[]
2020-09-02T12:23:04+0800 : 0|admin|login|index|[]
2020-09-02T12:24:06+0800 : 0|admin|login|login|{"username":"admin"}
2020-09-02T12:24:07+0800 : 2|admin|index|index|[]
2020-09-02T12:24:07+0800 : 2|admin|user|get-image|[]
2020-09-02T12:24:07+0800 : 2|admin|misc|admin-css|{"extjs6":"true?_dc=4008"}
2020-09-02T12:24:07+0800 : 2|admin|misc|json-translations-system|{"language":"zh_TW"}
2020-09-02T12:24:07+0800 : 2|admin|user|get-current-user|[]
2020-09-02T12:24:07+0800 : 2|admin|misc|json-translations-admin|{"language":"zh_TW"}
2020-09-02T12:24:07+0800 : 2|admin|misc|available-languages|[]
2020-09-02T12:24:08+0800 : 2|admin|settings|get-available-admin-languages|{"page":"1","start":"0","limit":"25"}
2020-09-02T12:24:08+0800 : 2|admin|class|get-tree|{"createAllowed":"true","page":"1","start":"0","limit":"25"}
2020-09-02T12:24:08+0800 : 2|admin|settings|get-available-sites|{"page":"1","start":"0","limit":"25"}
2020-09-02T12:24:08+0800 : 2|admin|class|get-tree|{"page":"1","start":"0","limit":"25"}
2020-09-02T12:24:08+0800 : 2|reports|targeting|persona-list|{"page":"1","start":"0","limit":"25"}
2020-09-02T12:24:08+0800 : 2|admin|asset|tree-get-root|{"id":"1","view":""}
2020-09-02T12:24:08+0800 : 2|admin|object|tree-get-root|{"id":"","view":""}
2020-09-02T12:24:08+0800 : 2|admin|portal|dashboard-list|[]
2020-09-02T12:24:08+0800 : 2|admin|document|tree-get-root|{"id":"1","view":""}
2020-09-02T12:24:08+0800 : 2|admin|document|doc-types|{"xaction":"read","page":"1","start":"0","limit":"25"}
2020-09-02T12:24:08+0800 : 2|reports|custom-report|get-report-config|[]
2020-09-02T12:24:08+0800 : 2|admin|object|tree-get-childs-by-id|{"limit":"30","view":"","node":"1"}
2020-09-02T12:24:10+0800 : 2|admin|settings|get-system|[]
2020-09-02T12:24:34+0800 : 2|admin|settings|website-settings|{"xaction":"read","page":"1","start":"0","limit":"50"}
2020-09-02T12:25:17+0800 : 2|admin|settings|website-settings|{"xaction":"create","data":"{\"name\":\"site_name\",\"data\":\"\",\"type\":\"te..."}
2020-09-02T12:25:25+0800 : 2|admin|settings|website-settings|{"xaction":"update","data":"{\"name\":\"site_name\",\"data\":\"Hello websit..."}
2020-09-02T12:28:38+0800 : 2|admin|login|logout|[]
2020-09-02T12:28:38+0800 : 0|admin|login|index|[]
2020-09-02T13:32:19+0800 : 0|admin|login|index|[]
2020-09-02T13:32:45+0800 : 0|admin|login|index|[]
2020-09-02T13:33:05+0800 : 0|admin|login|index|[]
2020-09-02T13:33:43+0800 : 0|admin|login|login|{"username":"admin"}
2020-09-02T13:33:43+0800 : 2|admin|index|index|[]
2020-09-02T13:33:43+0800 : 2|admin|misc|admin-css|{"extjs6":"true?_dc=4008"}
2020-09-02T13:33:43+0800 : 2|admin|user|get-image|[]
2020-09-02T13:33:43+0800 : 2|admin|misc|json-translations-system|{"language":"zh_TW"}
2020-09-02T13:33:43+0800 : 2|admin|user|get-current-user|[]
2020-09-02T13:33:43+0800 : 2|admin|misc|json-translations-admin|{"language":"zh_TW"}
2020-09-02T13:33:43+0800 : 2|admin|misc|available-languages|[]
2020-09-02T13:33:45+0800 : 2|admin|class|get-tree|{"createAllowed":"true","page":"1","start":"0","limit":"25"}
2020-09-02T13:33:45+0800 : 2|admin|settings|get-available-admin-languages|{"page":"1","start":"0","limit":"25"}
2020-09-02T13:33:45+0800 : 2|admin|class|get-tree|{"page":"1","start":"0","limit":"25"}
2020-09-02T13:33:45+0800 : 2|reports|targeting|persona-list|{"page":"1","start":"0","limit":"25"}
2020-09-02T13:33:45+0800 : 2|admin|document|tree-get-root|{"id":"1","view":""}
2020-09-02T13:33:45+0800 : 2|admin|settings|get-available-sites|{"page":"1","start":"0","limit":"25"}
2020-09-02T13:33:45+0800 : 2|admin|asset|tree-get-root|{"id":"1","view":""}
2020-09-02T13:33:45+0800 : 2|admin|object|tree-get-root|{"id":"","view":""}
2020-09-02T13:33:45+0800 : 2|admin|portal|dashboard-list|[]
2020-09-02T13:33:45+0800 : 2|admin|document|doc-types|{"xaction":"read","page":"1","start":"0","limit":"25"}
2020-09-02T13:33:45+0800 : 2|reports|custom-report|get-report-config|[]
2020-09-02T13:33:45+0800 : 2|admin|object|tree-get-childs-by-id|{"limit":"30","view":"","node":"1"}
2020-09-02T13:33:48+0800 : 2|admin|settings|get-system|[]
2020-09-02T13:33:49+0800 : 2|admin|settings|website-settings|{"xaction":"read","page":"1","start":"0","limit":"50"}
2020-09-02T13:33:56+0800 : 2|admin|settings|website-settings|{"xaction":"update","data":"{\"id\":1,\"name\":\"siteName\",\"type\":\"text\",..."}
2020-09-02T13:34:01+0800 : 2|admin|login|logout|[]
2020-09-02T13:34:01+0800 : 0|admin|login|index|[]
2020-09-02T13:34:09+0800 : 0|admin|login|index|[]
2020-09-02T13:35:39+0800 : 0|admin|login|login|{"username":"admin"}
2020-09-02T13:35:39+0800 : 0|admin|login|index|{"auth_failed":"true"}
2020-09-02T13:35:47+0800 : 0|admin|login|login|{"username":"admin"}
2020-09-02T13:35:47+0800 : 2|admin|index|index|[]
2020-09-02T13:35:47+0800 : 2|admin|misc|admin-css|{"extjs6":"true?_dc=4008"}
2020-09-02T13:35:47+0800 : 2|admin|user|get-image|[]
2020-09-02T13:35:48+0800 : 2|admin|misc|json-translations-system|{"language":"zh_TW"}
2020-09-02T13:35:48+0800 : 2|admin|misc|json-translations-admin|{"language":"zh_TW"}
2020-09-02T13:35:48+0800 : 2|admin|user|get-current-user|[]
2020-09-02T13:35:48+0800 : 2|admin|misc|available-languages|[]
2020-09-02T13:35:48+0800 : 2|admin|class|get-tree|{"page":"1","start":"0","limit":"25"}
2020-09-02T13:35:48+0800 : 2|admin|class|get-tree|{"createAllowed":"true","page":"1","start":"0","limit":"25"}
2020-09-02T13:35:48+0800 : 2|admin|settings|get-available-admin-languages|{"page":"1","start":"0","limit":"25"}
2020-09-02T13:35:49+0800 : 2|reports|targeting|persona-list|{"page":"1","start":"0","limit":"25"}
2020-09-02T13:35:49+0800 : 2|admin|settings|get-available-sites|{"page":"1","start":"0","limit":"25"}
2020-09-02T13:35:49+0800 : 2|admin|document|tree-get-root|{"id":"1","view":""}
2020-09-02T13:35:49+0800 : 2|admin|asset|tree-get-root|{"id":"1","view":""}
2020-09-02T13:35:49+0800 : 2|admin|portal|dashboard-list|[]
2020-09-02T13:35:49+0800 : 2|admin|object|tree-get-root|{"id":"","view":""}
2020-09-02T13:35:49+0800 : 2|admin|document|doc-types|{"xaction":"read","page":"1","start":"0","limit":"25"}
2020-09-02T13:35:49+0800 : 2|reports|custom-report|get-report-config|[]
2020-09-02T13:35:49+0800 : 2|admin|object|tree-get-childs-by-id|{"limit":"30","view":"","node":"1"}
2020-09-02T13:35:54+0800 : 2|admin|settings|website-settings|{"xaction":"read","page":"1","start":"0","limit":"50"}
2020-09-02T13:35:57+0800 : 2|admin|settings|get-system|[]
2020-09-02T13:37:20+0800 : 2|admin|settings|get-available-sites|{"query":"","page":"1","start":"0","limit":"25"}
2020-09-02T13:37:24+0800 : 2|admin|settings|website-settings|{"xaction":"update","data":"{\"id\":1,\"name\":\"siteName\",\"type\":\"text\",..."}
2020-09-02T13:37:30+0800 : 2|admin|settings|website-settings|{"xaction":"update","data":"{\"id\":1,\"name\":\"siteName\",\"type\":\"text\",..."}
2020-09-02T13:37:47+0800 : 2|admin|login|logout|[]
2020-09-02T13:37:47+0800 : 0|admin|login|index|[]
2020-09-02T13:37:57+0800 : 0|admin|login|index|[]
2020-09-02T13:39:28+0800 : 0|admin|login|index|[]
2020-09-02T13:39:40+0800 : 0|admin|login|index|[]
2020-09-02T13:41:03+0800 : 0|admin|login|index|[]
2020-09-02T13:41:43+0800 : 0|admin|login|index|[]
2020-09-02T13:42:29+0800 : 0|admin|login|login|{"username":"admin"}
2020-09-02T13:42:29+0800 : 2|admin|index|index|[]
2020-09-02T13:42:29+0800 : 2|admin|misc|admin-css|{"extjs6":"true?_dc=4008"}
2020-09-02T13:42:29+0800 : 2|admin|user|get-image|[]
2020-09-02T13:42:30+0800 : 2|admin|misc|available-languages|[]
2020-09-02T13:42:30+0800 : 2|admin|user|get-current-user|[]
2020-09-02T13:42:30+0800 : 2|admin|misc|json-translations-admin|{"language":"zh_TW"}
2020-09-02T13:42:30+0800 : 2|admin|misc|json-translations-system|{"language":"zh_TW"}
2020-09-02T13:42:30+0800 : 2|admin|class|get-tree|{"page":"1","start":"0","limit":"25"}
2020-09-02T13:42:30+0800 : 2|admin|class|get-tree|{"createAllowed":"true","page":"1","start":"0","limit":"25"}
2020-09-02T13:42:30+0800 : 2|admin|settings|get-available-admin-languages|{"page":"1","start":"0","limit":"25"}
2020-09-02T13:42:31+0800 : 2|admin|settings|get-available-sites|{"page":"1","start":"0","limit":"25"}
2020-09-02T13:42:31+0800 : 2|admin|document|tree-get-root|{"id":"1","view":""}
2020-09-02T13:42:31+0800 : 2|reports|targeting|persona-list|{"page":"1","start":"0","limit":"25"}
2020-09-02T13:42:31+0800 : 2|admin|asset|tree-get-root|{"id":"1","view":""}
2020-09-02T13:42:31+0800 : 2|admin|object|tree-get-root|{"id":"","view":""}
2020-09-02T13:42:31+0800 : 2|admin|portal|dashboard-list|[]
2020-09-02T13:42:31+0800 : 2|admin|document|doc-types|{"xaction":"read","page":"1","start":"0","limit":"25"}
2020-09-02T13:42:31+0800 : 2|reports|custom-report|get-report-config|[]
2020-09-02T13:42:31+0800 : 2|admin|object|tree-get-childs-by-id|{"limit":"30","view":"","node":"1"}
2020-09-02T13:42:35+0800 : 2|admin|settings|website-settings|{"xaction":"read","page":"1","start":"0","limit":"50"}
2020-09-02T13:42:58+0800 : 2|admin|settings|website-settings|{"xaction":"update","data":"{\"id\":1,\"name\":\"siteName\",\"type\":\"text\",..."}
2020-09-02T14:03:32+0800 : 0|admin|login|index|[]
2020-09-02T14:03:32+0800 : 0|admin|login|index|[]
2020-09-02T14:03:39+0800 : 0|admin|login|login|{"username":"admin"}
2020-09-02T14:03:39+0800 : 2|admin|index|index|[]
2020-09-02T14:03:39+0800 : 2|admin|misc|admin-css|{"extjs6":"true?_dc=4008"}
2020-09-02T14:03:39+0800 : 2|admin|user|get-image|[]
2020-09-02T14:03:39+0800 : 2|admin|misc|json-translations-admin|{"language":"zh_TW"}
2020-09-02T14:03:39+0800 : 2|admin|misc|json-translations-system|{"language":"zh_TW"}
2020-09-02T14:03:39+0800 : 2|admin|user|get-current-user|[]
2020-09-02T14:03:39+0800 : 2|admin|misc|available-languages|[]
2020-09-02T14:03:40+0800 : 2|admin|class|get-tree|{"createAllowed":"true","page":"1","start":"0","limit":"25"}
2020-09-02T14:03:40+0800 : 2|admin|class|get-tree|{"page":"1","start":"0","limit":"25"}
2020-09-02T14:03:40+0800 : 2|admin|settings|get-available-admin-languages|{"page":"1","start":"0","limit":"25"}
2020-09-02T14:03:40+0800 : 2|reports|targeting|persona-list|{"page":"1","start":"0","limit":"25"}
2020-09-02T14:03:40+0800 : 2|admin|settings|get-available-sites|{"page":"1","start":"0","limit":"25"}
2020-09-02T14:03:40+0800 : 2|admin|document|tree-get-root|{"id":"1","view":""}
2020-09-02T14:03:40+0800 : 2|admin|asset|tree-get-root|{"id":"1","view":""}
2020-09-02T14:03:40+0800 : 2|admin|object|tree-get-root|{"id":"","view":""}
2020-09-02T14:03:40+0800 : 2|admin|portal|dashboard-list|[]
2020-09-02T14:03:40+0800 : 2|admin|document|doc-types|{"xaction":"read","page":"1","start":"0","limit":"25"}
2020-09-02T14:03:41+0800 : 2|reports|custom-report|get-report-config|[]
2020-09-02T14:03:41+0800 : 2|admin|object|tree-get-childs-by-id|{"limit":"30","view":"","node":"1"}
2020-09-02T14:03:58+0800 : 2|admin|settings|get-system|[]
2020-09-02T14:04:01+0800 : 2|admin|settings|website-settings|{"xaction":"read","page":"1","start":"0","limit":"50"}
2020-09-02T14:04:10+0800 : 2|admin|external_adminer|adminer|[]
2020-09-02T14:04:10+0800 : 2|admin|external_adminer|adminer|{"username":"root","db":"pimcore"}
2020-09-02T14:04:10+0800 : 2|admin|external_adminer|adminer|{"static":"functions.js"}
2020-09-02T14:04:10+0800 : 2|admin|external_adminer|adminer|{"static":"default.css"}
2020-09-02T14:04:10+0800 : 2|admin|external_adminer|adminer|{"static":"editing.js"}
2020-09-02T14:04:10+0800 : 2|admin|external_adminer|externals|{"jush":"jush.css"}
2020-09-02T14:04:11+0800 : 2|admin|external_adminer|adminer|{"username":"root","db":"pimcore","script":"version","signature":"opwnGx2WbxPEIpZ19rbFgBCMGmKtMxl4HMvmHa08...","version":"4.7.7","token":"1012551:464564"}
2020-09-02T14:04:15+0800 : 2|admin|external_adminer|adminer|{"username":"root","db":"pimcore"}
2020-09-02T14:04:15+0800 : 2|admin|external_adminer|adminer|{"username":"root","db":"pimcore"}
2020-09-02T14:04:15+0800 : 2|admin|external_adminer|adminer|{"static":"functions.js"}
2020-09-02T14:04:15+0800 : 2|admin|external_adminer|adminer|{"static":"editing.js"}
2020-09-02T14:04:15+0800 : 2|admin|external_adminer|adminer|{"static":"default.css"}
2020-09-02T14:04:15+0800 : 2|admin|external_adminer|externals|{"jush":"modules"}
2020-09-02T14:04:15+0800 : 2|admin|external_adminer|externals|{"jush":"jush.css"}
2020-09-02T14:04:15+0800 : 2|admin|external_adminer|externals|{"jush":"modules"}
2020-09-02T14:04:15+0800 : 2|admin|external_adminer|externals|{"jush":"modules"}
2020-09-02T14:04:15+0800 : 2|admin|external_adminer|externals|{"jush":"modules"}
2020-09-02T14:04:15+0800 : 2|admin|external_adminer|externals|{"jush":"modules"}
2020-09-02T14:04:15+0800 : 2|admin|external_adminer|adminer|{"username":"root","db":"pimcore","script":"db"}
2020-09-02T17:37:58+0800 : 0|admin|login|index|[]
2020-09-02T17:37:59+0800 : 0|admin|login|index|[]
2020-09-02T17:38:04+0800 : 0|admin|login|login|{"username":"admin"}
2020-09-02T17:38:04+0800 : 2|admin|index|index|[]
2020-09-02T17:38:04+0800 : 2|admin|user|get-image|[]
2020-09-02T17:38:04+0800 : 2|admin|misc|admin-css|{"extjs6":"true?_dc=4008"}
2020-09-02T17:38:04+0800 : 2|admin|misc|json-translations-system|{"language":"zh_TW"}
2020-09-02T17:38:04+0800 : 2|admin|misc|json-translations-admin|{"language":"zh_TW"}
2020-09-02T17:38:05+0800 : 2|admin|user|get-current-user|[]
2020-09-02T17:38:05+0800 : 2|admin|misc|available-languages|[]
2020-09-02T17:38:05+0800 : 2|admin|class|get-tree|{"createAllowed":"true","page":"1","start":"0","limit":"25"}
2020-09-02T17:38:05+0800 : 2|admin|class|get-tree|{"page":"1","start":"0","limit":"25"}
2020-09-02T17:38:05+0800 : 2|admin|settings|get-available-admin-languages|{"page":"1","start":"0","limit":"25"}
2020-09-02T17:38:06+0800 : 2|admin|settings|get-available-sites|{"page":"1","start":"0","limit":"25"}
2020-09-02T17:38:06+0800 : 2|reports|targeting|persona-list|{"page":"1","start":"0","limit":"25"}
2020-09-02T17:38:06+0800 : 2|admin|document|tree-get-root|{"id":"1","view":""}
2020-09-02T17:38:06+0800 : 2|admin|asset|tree-get-root|{"id":"1","view":""}
2020-09-02T17:38:06+0800 : 2|admin|object|tree-get-root|{"id":"","view":""}
2020-09-02T17:38:06+0800 : 2|admin|portal|dashboard-list|[]
2020-09-02T17:38:06+0800 : 2|admin|document|doc-types|{"xaction":"read","page":"1","start":"0","limit":"25"}
2020-09-02T17:38:06+0800 : 2|reports|custom-report|get-report-config|[]
2020-09-02T17:38:06+0800 : 2|admin|object|tree-get-childs-by-id|{"limit":"30","view":"","node":"1"}
2020-09-02T17:38:11+0800 : 2|admin|external_adminer|adminer|[]
2020-09-02T17:38:11+0800 : 2|admin|external_adminer|adminer|{"username":"root","db":"pimcore"}
2020-09-02T17:38:11+0800 : 2|admin|external_adminer|adminer|{"static":"functions.js"}
2020-09-02T17:38:11+0800 : 2|admin|external_adminer|adminer|{"static":"default.css"}
2020-09-02T17:38:11+0800 : 2|admin|external_adminer|adminer|{"static":"editing.js"}
2020-09-02T17:38:11+0800 : 2|admin|external_adminer|externals|{"jush":"jush.css"}
2020-09-02T17:38:17+0800 : 2|admin|external_adminer|adminer|{"username":"root","db":"pimcore"}
2020-09-02T17:38:17+0800 : 2|admin|external_adminer|adminer|{"username":"root","db":"pimcore"}
2020-09-02T17:38:17+0800 : 2|admin|external_adminer|adminer|{"username":"root","db":"pimcore"}
2020-09-02T17:38:17+0800 : 2|admin|external_adminer|adminer|{"static":"default.css"}
2020-09-02T17:38:17+0800 : 2|admin|external_adminer|adminer|{"static":"functions.js"}
2020-09-02T17:38:17+0800 : 2|admin|external_adminer|adminer|{"static":"editing.js"}
2020-09-02T17:38:17+0800 : 2|admin|external_adminer|externals|{"jush":"modules"}
2020-09-02T17:38:17+0800 : 2|admin|external_adminer|externals|{"jush":"jush.css"}
2020-09-02T17:38:17+0800 : 2|admin|external_adminer|externals|{"jush":"modules"}
2020-09-02T17:38:17+0800 : 2|admin|external_adminer|externals|{"jush":"modules"}
2020-09-02T17:38:17+0800 : 2|admin|external_adminer|externals|{"jush":"modules"}
2020-09-02T17:38:17+0800 : 2|admin|external_adminer|externals|{"jush":"modules"}
2020-09-02T17:38:17+0800 : 2|admin|external_adminer|adminer|{"username":"root","db":"pimcore","script":"db"}
