[02-Sep-2020 05:59:56 Europe/Berlin] PHP Warning:  Cannot modify header information - headers already sent by (output started at /var/www/html/pimcore/lib/Pimcore/Tool.php:732) in /var/www/html/pimcore/lib/Pimcore/Tool.php on line 729
[02-Sep-2020 12:21:16 Asia/Taipei] PHP Warning:  Cannot modify header information - headers already sent by (output started at /var/www/html/pimcore/lib/Pimcore/Tool.php:732) in /var/www/html/pimcore/lib/Pimcore/Tool.php on line 729
[02-Sep-2020 13:32:19 Asia/Taipei] PHP Fatal error:  Uncaught Zend_Loader_PluginLoader_Exception: Plugin by name 'WebsiteConfig' was not found in the registry; used paths:
Admin_View_Helper_: /var/www/html/pimcore/modules/admin/views/helpers/
\Pimcore\View\Helper\: /var/www/html/pimcore/lib/Pimcore/View/Helper/
Zend_View_Helper_: Zend/View/Helper/ in /var/www/html/vendor/zendframework/zendframework1/library/Zend/Loader/PluginLoader.php:424
Stack trace:
#0 /var/www/html/vendor/zendframework/zendframework1/library/Zend/View/Abstract.php(1182): Zend_Loader_PluginLoader->load('WebsiteConfig')
#1 /var/www/html/vendor/zendframework/zendframework1/library/Zend/View/Abstract.php(618): Zend_View_Abstract->_getPlugin('helper', 'WebsiteConfig')
#2 /var/www/html/vendor/zendframework/zendframework1/library/Zend/View/Abstract.php(344): Zend_View_Abstract->getHelper('websiteConfig')
#3 /var/www/html/pimcore/lib/Pimcore/View.php(365): Zend_View_Abstract->__call('websiteConfig', Array)
#4 /var/www/html/pimcore/modules/admin/views/scripts/login/index.php(5): Pimcore\View->__call in /var/www/html/vendor/zendframework/zendframework1/library/Zend/Loader/PluginLoader.php on line 424
[02-Sep-2020 13:32:45 Asia/Taipei] PHP Fatal error:  Uncaught Zend_Loader_PluginLoader_Exception: Plugin by name 'Config' was not found in the registry; used paths:
Admin_View_Helper_: /var/www/html/pimcore/modules/admin/views/helpers/
\Pimcore\View\Helper\: /var/www/html/pimcore/lib/Pimcore/View/Helper/
Zend_View_Helper_: Zend/View/Helper/ in /var/www/html/vendor/zendframework/zendframework1/library/Zend/Loader/PluginLoader.php:424
Stack trace:
#0 /var/www/html/vendor/zendframework/zendframework1/library/Zend/View/Abstract.php(1182): Zend_Loader_PluginLoader->load('Config')
#1 /var/www/html/vendor/zendframework/zendframework1/library/Zend/View/Abstract.php(618): Zend_View_Abstract->_getPlugin('helper', 'Config')
#2 /var/www/html/vendor/zendframework/zendframework1/library/Zend/View/Abstract.php(344): Zend_View_Abstract->getHelper('config')
#3 /var/www/html/pimcore/lib/Pimcore/View.php(365): Zend_View_Abstract->__call('config', Array)
#4 /var/www/html/pimcore/modules/admin/views/scripts/login/index.php(5): Pimcore\View->__call('config', Array)
#5 /var/www/html/ in /var/www/html/vendor/zendframework/zendframework1/library/Zend/Loader/PluginLoader.php on line 424
[02-Sep-2020 13:41:03 Asia/Taipei] PHP Catchable fatal error:  Object of class Pimcore\Model\WebsiteSetting could not be converted to string in /var/www/html/pimcore/modules/admin/views/scripts/login/index.php on line 5
[02-Sep-2020 14:02:31 Asia/Taipei] PHP Fatal error:  Uncaught Zend_Db_Statement_Mysqli_Exception: Mysqli prepare error: Table 'pimcore.cache' doesn't exist in /var/www/html/vendor/zendframework/zendframework1/library/Zend/Db/Statement/Mysqli.php:77
Stack trace:
#0 /var/www/html/vendor/zendframework/zendframework1/library/Zend/Db/Statement.php(115): Zend_Db_Statement_Mysqli->_prepare('SELECT data,exp...')
#1 /var/www/html/vendor/zendframework/zendframework1/library/Zend/Db/Adapter/Mysqli.php(388): Zend_Db_Statement->__construct(Object(Zend_Db_Adapter_Mysqli), 'SELECT data,exp...')
#2 /var/www/html/vendor/zendframework/zendframework1/library/Zend/Db/Adapter/Abstract.php(479): Zend_Db_Adapter_Mysqli->prepare('SELECT data,exp...')
#3 /var/www/html/vendor/zendframework/zendframework1/library/Zend/Db/Adapter/Abstract.php(756): Zend_Db_Adapter_Abstract->query('SELECT data,exp...', Array)
#4 [internal function]: Zend_Db_Adapter_Abstract->fetchRow('SELECT data,exp...', 'system_cache_wr...')
#5 /var/www/html/pimcore/lib/Pimcore/Db/Wrapper.php(291): call_user_func_array(A in /var/www/html/vendor/zendframework/zendframework1/library/Zend/Db/Statement/Mysqli.php on line 77
[02-Sep-2020 14:02:31 Asia/Taipei] PHP Fatal error:  Uncaught Zend_Db_Statement_Mysqli_Exception: Mysqli prepare error: Table 'pimcore.cache' doesn't exist in /var/www/html/vendor/zendframework/zendframework1/library/Zend/Db/Statement/Mysqli.php:77
Stack trace:
#0 /var/www/html/vendor/zendframework/zendframework1/library/Zend/Db/Statement.php(115): Zend_Db_Statement_Mysqli->_prepare('SELECT data,exp...')
#1 /var/www/html/vendor/zendframework/zendframework1/library/Zend/Db/Adapter/Mysqli.php(388): Zend_Db_Statement->__construct(Object(Zend_Db_Adapter_Mysqli), 'SELECT data,exp...')
#2 /var/www/html/vendor/zendframework/zendframework1/library/Zend/Db/Adapter/Abstract.php(479): Zend_Db_Adapter_Mysqli->prepare('SELECT data,exp...')
#3 /var/www/html/vendor/zendframework/zendframework1/library/Zend/Db/Adapter/Abstract.php(756): Zend_Db_Adapter_Abstract->query('SELECT data,exp...', Array)
#4 [internal function]: Zend_Db_Adapter_Abstract->fetchRow('SELECT data,exp...', 'system_cache_wr...')
#5 /var/www/html/pimcore/lib/Pimcore/Db/Wrapper.php(291): call_user_func_array(A in /var/www/html/vendor/zendframework/zendframework1/library/Zend/Db/Statement/Mysqli.php on line 77
[02-Sep-2020 14:02:32 Asia/Taipei] PHP Fatal error:  Uncaught Zend_Db_Statement_Mysqli_Exception: Mysqli prepare error: Table 'pimcore.cache' doesn't exist in /var/www/html/vendor/zendframework/zendframework1/library/Zend/Db/Statement/Mysqli.php:77
Stack trace:
#0 /var/www/html/vendor/zendframework/zendframework1/library/Zend/Db/Statement.php(115): Zend_Db_Statement_Mysqli->_prepare('SELECT data,exp...')
#1 /var/www/html/vendor/zendframework/zendframework1/library/Zend/Db/Adapter/Mysqli.php(388): Zend_Db_Statement->__construct(Object(Zend_Db_Adapter_Mysqli), 'SELECT data,exp...')
#2 /var/www/html/vendor/zendframework/zendframework1/library/Zend/Db/Adapter/Abstract.php(479): Zend_Db_Adapter_Mysqli->prepare('SELECT data,exp...')
#3 /var/www/html/vendor/zendframework/zendframework1/library/Zend/Db/Adapter/Abstract.php(756): Zend_Db_Adapter_Abstract->query('SELECT data,exp...', Array)
#4 [internal function]: Zend_Db_Adapter_Abstract->fetchRow('SELECT data,exp...', 'system_cache_wr...')
#5 /var/www/html/pimcore/lib/Pimcore/Db/Wrapper.php(291): call_user_func_array(A in /var/www/html/vendor/zendframework/zendframework1/library/Zend/Db/Statement/Mysqli.php on line 77
[02-Sep-2020 14:02:32 Asia/Taipei] PHP Fatal error:  Uncaught Zend_Db_Statement_Mysqli_Exception: Mysqli prepare error: Table 'pimcore.cache' doesn't exist in /var/www/html/vendor/zendframework/zendframework1/library/Zend/Db/Statement/Mysqli.php:77
Stack trace:
#0 /var/www/html/vendor/zendframework/zendframework1/library/Zend/Db/Statement.php(115): Zend_Db_Statement_Mysqli->_prepare('SELECT data,exp...')
#1 /var/www/html/vendor/zendframework/zendframework1/library/Zend/Db/Adapter/Mysqli.php(388): Zend_Db_Statement->__construct(Object(Zend_Db_Adapter_Mysqli), 'SELECT data,exp...')
#2 /var/www/html/vendor/zendframework/zendframework1/library/Zend/Db/Adapter/Abstract.php(479): Zend_Db_Adapter_Mysqli->prepare('SELECT data,exp...')
#3 /var/www/html/vendor/zendframework/zendframework1/library/Zend/Db/Adapter/Abstract.php(756): Zend_Db_Adapter_Abstract->query('SELECT data,exp...', Array)
#4 [internal function]: Zend_Db_Adapter_Abstract->fetchRow('SELECT data,exp...', 'system_cache_wr...')
#5 /var/www/html/pimcore/lib/Pimcore/Db/Wrapper.php(291): call_user_func_array(A in /var/www/html/vendor/zendframework/zendframework1/library/Zend/Db/Statement/Mysqli.php on line 77
[02-Sep-2020 14:02:33 Asia/Taipei] PHP Fatal error:  Uncaught Zend_Db_Statement_Mysqli_Exception: Mysqli prepare error: Table 'pimcore.cache' doesn't exist in /var/www/html/vendor/zendframework/zendframework1/library/Zend/Db/Statement/Mysqli.php:77
Stack trace:
#0 /var/www/html/vendor/zendframework/zendframework1/library/Zend/Db/Statement.php(115): Zend_Db_Statement_Mysqli->_prepare('SELECT data,exp...')
#1 /var/www/html/vendor/zendframework/zendframework1/library/Zend/Db/Adapter/Mysqli.php(388): Zend_Db_Statement->__construct(Object(Zend_Db_Adapter_Mysqli), 'SELECT data,exp...')
#2 /var/www/html/vendor/zendframework/zendframework1/library/Zend/Db/Adapter/Abstract.php(479): Zend_Db_Adapter_Mysqli->prepare('SELECT data,exp...')
#3 /var/www/html/vendor/zendframework/zendframework1/library/Zend/Db/Adapter/Abstract.php(756): Zend_Db_Adapter_Abstract->query('SELECT data,exp...', Array)
#4 [internal function]: Zend_Db_Adapter_Abstract->fetchRow('SELECT data,exp...', 'system_cache_wr...')
#5 /var/www/html/pimcore/lib/Pimcore/Db/Wrapper.php(291): call_user_func_array(A in /var/www/html/vendor/zendframework/zendframework1/library/Zend/Db/Statement/Mysqli.php on line 77
[02-Sep-2020 14:02:33 Asia/Taipei] PHP Fatal error:  Uncaught Zend_Db_Statement_Mysqli_Exception: Mysqli prepare error: Table 'pimcore.cache' doesn't exist in /var/www/html/vendor/zendframework/zendframework1/library/Zend/Db/Statement/Mysqli.php:77
Stack trace:
#0 /var/www/html/vendor/zendframework/zendframework1/library/Zend/Db/Statement.php(115): Zend_Db_Statement_Mysqli->_prepare('SELECT data,exp...')
#1 /var/www/html/vendor/zendframework/zendframework1/library/Zend/Db/Adapter/Mysqli.php(388): Zend_Db_Statement->__construct(Object(Zend_Db_Adapter_Mysqli), 'SELECT data,exp...')
#2 /var/www/html/vendor/zendframework/zendframework1/library/Zend/Db/Adapter/Abstract.php(479): Zend_Db_Adapter_Mysqli->prepare('SELECT data,exp...')
#3 /var/www/html/vendor/zendframework/zendframework1/library/Zend/Db/Adapter/Abstract.php(756): Zend_Db_Adapter_Abstract->query('SELECT data,exp...', Array)
#4 [internal function]: Zend_Db_Adapter_Abstract->fetchRow('SELECT data,exp...', 'system_cache_wr...')
#5 /var/www/html/pimcore/lib/Pimcore/Db/Wrapper.php(291): call_user_func_array(A in /var/www/html/vendor/zendframework/zendframework1/library/Zend/Db/Statement/Mysqli.php on line 77
[02-Sep-2020 14:02:34 Asia/Taipei] PHP Fatal error:  Uncaught Zend_Db_Statement_Mysqli_Exception: Mysqli prepare error: Table 'pimcore.cache' doesn't exist in /var/www/html/vendor/zendframework/zendframework1/library/Zend/Db/Statement/Mysqli.php:77
Stack trace:
#0 /var/www/html/vendor/zendframework/zendframework1/library/Zend/Db/Statement.php(115): Zend_Db_Statement_Mysqli->_prepare('SELECT data,exp...')
#1 /var/www/html/vendor/zendframework/zendframework1/library/Zend/Db/Adapter/Mysqli.php(388): Zend_Db_Statement->__construct(Object(Zend_Db_Adapter_Mysqli), 'SELECT data,exp...')
#2 /var/www/html/vendor/zendframework/zendframework1/library/Zend/Db/Adapter/Abstract.php(479): Zend_Db_Adapter_Mysqli->prepare('SELECT data,exp...')
#3 /var/www/html/vendor/zendframework/zendframework1/library/Zend/Db/Adapter/Abstract.php(756): Zend_Db_Adapter_Abstract->query('SELECT data,exp...', Array)
#4 [internal function]: Zend_Db_Adapter_Abstract->fetchRow('SELECT data,exp...', 'system_cache_wr...')
#5 /var/www/html/pimcore/lib/Pimcore/Db/Wrapper.php(291): call_user_func_array(A in /var/www/html/vendor/zendframework/zendframework1/library/Zend/Db/Statement/Mysqli.php on line 77
[02-Sep-2020 14:02:34 Asia/Taipei] PHP Fatal error:  Uncaught Zend_Db_Statement_Mysqli_Exception: Mysqli prepare error: Table 'pimcore.cache' doesn't exist in /var/www/html/vendor/zendframework/zendframework1/library/Zend/Db/Statement/Mysqli.php:77
Stack trace:
#0 /var/www/html/vendor/zendframework/zendframework1/library/Zend/Db/Statement.php(115): Zend_Db_Statement_Mysqli->_prepare('SELECT data,exp...')
#1 /var/www/html/vendor/zendframework/zendframework1/library/Zend/Db/Adapter/Mysqli.php(388): Zend_Db_Statement->__construct(Object(Zend_Db_Adapter_Mysqli), 'SELECT data,exp...')
#2 /var/www/html/vendor/zendframework/zendframework1/library/Zend/Db/Adapter/Abstract.php(479): Zend_Db_Adapter_Mysqli->prepare('SELECT data,exp...')
#3 /var/www/html/vendor/zendframework/zendframework1/library/Zend/Db/Adapter/Abstract.php(756): Zend_Db_Adapter_Abstract->query('SELECT data,exp...', Array)
#4 [internal function]: Zend_Db_Adapter_Abstract->fetchRow('SELECT data,exp...', 'system_cache_wr...')
#5 /var/www/html/pimcore/lib/Pimcore/Db/Wrapper.php(291): call_user_func_array(A in /var/www/html/vendor/zendframework/zendframework1/library/Zend/Db/Statement/Mysqli.php on line 77
[02-Sep-2020 14:02:37 Asia/Taipei] PHP Fatal error:  Uncaught Zend_Db_Statement_Mysqli_Exception: Mysqli prepare error: Table 'pimcore.cache' doesn't exist in /var/www/html/vendor/zendframework/zendframework1/library/Zend/Db/Statement/Mysqli.php:77
Stack trace:
#0 /var/www/html/vendor/zendframework/zendframework1/library/Zend/Db/Statement.php(115): Zend_Db_Statement_Mysqli->_prepare('SELECT data,exp...')
#1 /var/www/html/vendor/zendframework/zendframework1/library/Zend/Db/Adapter/Mysqli.php(388): Zend_Db_Statement->__construct(Object(Zend_Db_Adapter_Mysqli), 'SELECT data,exp...')
#2 /var/www/html/vendor/zendframework/zendframework1/library/Zend/Db/Adapter/Abstract.php(479): Zend_Db_Adapter_Mysqli->prepare('SELECT data,exp...')
#3 /var/www/html/vendor/zendframework/zendframework1/library/Zend/Db/Adapter/Abstract.php(756): Zend_Db_Adapter_Abstract->query('SELECT data,exp...', Array)
#4 [internal function]: Zend_Db_Adapter_Abstract->fetchRow('SELECT data,exp...', 'system_cache_wr...')
#5 /var/www/html/pimcore/lib/Pimcore/Db/Wrapper.php(291): call_user_func_array(A in /var/www/html/vendor/zendframework/zendframework1/library/Zend/Db/Statement/Mysqli.php on line 77
[02-Sep-2020 14:02:37 Asia/Taipei] PHP Fatal error:  Uncaught Zend_Db_Statement_Mysqli_Exception: Mysqli prepare error: Table 'pimcore.cache' doesn't exist in /var/www/html/vendor/zendframework/zendframework1/library/Zend/Db/Statement/Mysqli.php:77
Stack trace:
#0 /var/www/html/vendor/zendframework/zendframework1/library/Zend/Db/Statement.php(115): Zend_Db_Statement_Mysqli->_prepare('SELECT data,exp...')
#1 /var/www/html/vendor/zendframework/zendframework1/library/Zend/Db/Adapter/Mysqli.php(388): Zend_Db_Statement->__construct(Object(Zend_Db_Adapter_Mysqli), 'SELECT data,exp...')
#2 /var/www/html/vendor/zendframework/zendframework1/library/Zend/Db/Adapter/Abstract.php(479): Zend_Db_Adapter_Mysqli->prepare('SELECT data,exp...')
#3 /var/www/html/vendor/zendframework/zendframework1/library/Zend/Db/Adapter/Abstract.php(756): Zend_Db_Adapter_Abstract->query('SELECT data,exp...', Array)
#4 [internal function]: Zend_Db_Adapter_Abstract->fetchRow('SELECT data,exp...', 'system_cache_wr...')
#5 /var/www/html/pimcore/lib/Pimcore/Db/Wrapper.php(291): call_user_func_array(A in /var/www/html/vendor/zendframework/zendframework1/library/Zend/Db/Statement/Mysqli.php on line 77
[02-Sep-2020 14:02:38 Asia/Taipei] PHP Fatal error:  Uncaught Zend_Db_Statement_Mysqli_Exception: Mysqli prepare error: Table 'pimcore.cache' doesn't exist in /var/www/html/vendor/zendframework/zendframework1/library/Zend/Db/Statement/Mysqli.php:77
Stack trace:
#0 /var/www/html/vendor/zendframework/zendframework1/library/Zend/Db/Statement.php(115): Zend_Db_Statement_Mysqli->_prepare('SELECT data,exp...')
#1 /var/www/html/vendor/zendframework/zendframework1/library/Zend/Db/Adapter/Mysqli.php(388): Zend_Db_Statement->__construct(Object(Zend_Db_Adapter_Mysqli), 'SELECT data,exp...')
#2 /var/www/html/vendor/zendframework/zendframework1/library/Zend/Db/Adapter/Abstract.php(479): Zend_Db_Adapter_Mysqli->prepare('SELECT data,exp...')
#3 /var/www/html/vendor/zendframework/zendframework1/library/Zend/Db/Adapter/Abstract.php(756): Zend_Db_Adapter_Abstract->query('SELECT data,exp...', Array)
#4 [internal function]: Zend_Db_Adapter_Abstract->fetchRow('SELECT data,exp...', 'system_cache_wr...')
#5 /var/www/html/pimcore/lib/Pimcore/Db/Wrapper.php(291): call_user_func_array(A in /var/www/html/vendor/zendframework/zendframework1/library/Zend/Db/Statement/Mysqli.php on line 77
[02-Sep-2020 14:02:38 Asia/Taipei] PHP Fatal error:  Uncaught Zend_Db_Statement_Mysqli_Exception: Mysqli prepare error: Table 'pimcore.cache' doesn't exist in /var/www/html/vendor/zendframework/zendframework1/library/Zend/Db/Statement/Mysqli.php:77
Stack trace:
#0 /var/www/html/vendor/zendframework/zendframework1/library/Zend/Db/Statement.php(115): Zend_Db_Statement_Mysqli->_prepare('SELECT data,exp...')
#1 /var/www/html/vendor/zendframework/zendframework1/library/Zend/Db/Adapter/Mysqli.php(388): Zend_Db_Statement->__construct(Object(Zend_Db_Adapter_Mysqli), 'SELECT data,exp...')
#2 /var/www/html/vendor/zendframework/zendframework1/library/Zend/Db/Adapter/Abstract.php(479): Zend_Db_Adapter_Mysqli->prepare('SELECT data,exp...')
#3 /var/www/html/vendor/zendframework/zendframework1/library/Zend/Db/Adapter/Abstract.php(756): Zend_Db_Adapter_Abstract->query('SELECT data,exp...', Array)
#4 [internal function]: Zend_Db_Adapter_Abstract->fetchRow('SELECT data,exp...', 'system_cache_wr...')
#5 /var/www/html/pimcore/lib/Pimcore/Db/Wrapper.php(291): call_user_func_array(A in /var/www/html/vendor/zendframework/zendframework1/library/Zend/Db/Statement/Mysqli.php on line 77
[02-Sep-2020 14:03:07 Asia/Taipei] PHP Fatal error:  Uncaught Zend_Db_Statement_Mysqli_Exception: Mysqli prepare error: Table 'pimcore.cache' doesn't exist in /var/www/html/vendor/zendframework/zendframework1/library/Zend/Db/Statement/Mysqli.php:77
Stack trace:
#0 /var/www/html/vendor/zendframework/zendframework1/library/Zend/Db/Statement.php(115): Zend_Db_Statement_Mysqli->_prepare('SELECT data,exp...')
#1 /var/www/html/vendor/zendframework/zendframework1/library/Zend/Db/Adapter/Mysqli.php(388): Zend_Db_Statement->__construct(Object(Zend_Db_Adapter_Mysqli), 'SELECT data,exp...')
#2 /var/www/html/vendor/zendframework/zendframework1/library/Zend/Db/Adapter/Abstract.php(479): Zend_Db_Adapter_Mysqli->prepare('SELECT data,exp...')
#3 /var/www/html/vendor/zendframework/zendframework1/library/Zend/Db/Adapter/Abstract.php(756): Zend_Db_Adapter_Abstract->query('SELECT data,exp...', Array)
#4 [internal function]: Zend_Db_Adapter_Abstract->fetchRow('SELECT data,exp...', 'system_cache_wr...')
#5 /var/www/html/pimcore/lib/Pimcore/Db/Wrapper.php(291): call_user_func_array(A in /var/www/html/vendor/zendframework/zendframework1/library/Zend/Db/Statement/Mysqli.php on line 77
[02-Sep-2020 14:03:07 Asia/Taipei] PHP Fatal error:  Uncaught Zend_Db_Statement_Mysqli_Exception: Mysqli prepare error: Table 'pimcore.cache' doesn't exist in /var/www/html/vendor/zendframework/zendframework1/library/Zend/Db/Statement/Mysqli.php:77
Stack trace:
#0 /var/www/html/vendor/zendframework/zendframework1/library/Zend/Db/Statement.php(115): Zend_Db_Statement_Mysqli->_prepare('SELECT data,exp...')
#1 /var/www/html/vendor/zendframework/zendframework1/library/Zend/Db/Adapter/Mysqli.php(388): Zend_Db_Statement->__construct(Object(Zend_Db_Adapter_Mysqli), 'SELECT data,exp...')
#2 /var/www/html/vendor/zendframework/zendframework1/library/Zend/Db/Adapter/Abstract.php(479): Zend_Db_Adapter_Mysqli->prepare('SELECT data,exp...')
#3 /var/www/html/vendor/zendframework/zendframework1/library/Zend/Db/Adapter/Abstract.php(756): Zend_Db_Adapter_Abstract->query('SELECT data,exp...', Array)
#4 [internal function]: Zend_Db_Adapter_Abstract->fetchRow('SELECT data,exp...', 'system_cache_wr...')
#5 /var/www/html/pimcore/lib/Pimcore/Db/Wrapper.php(291): call_user_func_array(A in /var/www/html/vendor/zendframework/zendframework1/library/Zend/Db/Statement/Mysqli.php on line 77
[02-Sep-2020 14:03:07 Asia/Taipei] PHP Fatal error:  Uncaught Zend_Db_Statement_Mysqli_Exception: Mysqli prepare error: Table 'pimcore.cache' doesn't exist in /var/www/html/vendor/zendframework/zendframework1/library/Zend/Db/Statement/Mysqli.php:77
Stack trace:
#0 /var/www/html/vendor/zendframework/zendframework1/library/Zend/Db/Statement.php(115): Zend_Db_Statement_Mysqli->_prepare('SELECT data,exp...')
#1 /var/www/html/vendor/zendframework/zendframework1/library/Zend/Db/Adapter/Mysqli.php(388): Zend_Db_Statement->__construct(Object(Zend_Db_Adapter_Mysqli), 'SELECT data,exp...')
#2 /var/www/html/vendor/zendframework/zendframework1/library/Zend/Db/Adapter/Abstract.php(479): Zend_Db_Adapter_Mysqli->prepare('SELECT data,exp...')
#3 /var/www/html/vendor/zendframework/zendframework1/library/Zend/Db/Adapter/Abstract.php(756): Zend_Db_Adapter_Abstract->query('SELECT data,exp...', Array)
#4 [internal function]: Zend_Db_Adapter_Abstract->fetchRow('SELECT data,exp...', 'system_cache_wr...')
#5 /var/www/html/pimcore/lib/Pimcore/Db/Wrapper.php(291): call_user_func_array(A in /var/www/html/vendor/zendframework/zendframework1/library/Zend/Db/Statement/Mysqli.php on line 77
[02-Sep-2020 14:03:07 Asia/Taipei] PHP Fatal error:  Uncaught Zend_Db_Statement_Mysqli_Exception: Mysqli prepare error: Table 'pimcore.cache' doesn't exist in /var/www/html/vendor/zendframework/zendframework1/library/Zend/Db/Statement/Mysqli.php:77
Stack trace:
#0 /var/www/html/vendor/zendframework/zendframework1/library/Zend/Db/Statement.php(115): Zend_Db_Statement_Mysqli->_prepare('SELECT data,exp...')
#1 /var/www/html/vendor/zendframework/zendframework1/library/Zend/Db/Adapter/Mysqli.php(388): Zend_Db_Statement->__construct(Object(Zend_Db_Adapter_Mysqli), 'SELECT data,exp...')
#2 /var/www/html/vendor/zendframework/zendframework1/library/Zend/Db/Adapter/Abstract.php(479): Zend_Db_Adapter_Mysqli->prepare('SELECT data,exp...')
#3 /var/www/html/vendor/zendframework/zendframework1/library/Zend/Db/Adapter/Abstract.php(756): Zend_Db_Adapter_Abstract->query('SELECT data,exp...', Array)
#4 [internal function]: Zend_Db_Adapter_Abstract->fetchRow('SELECT data,exp...', 'system_cache_wr...')
#5 /var/www/html/pimcore/lib/Pimcore/Db/Wrapper.php(291): call_user_func_array(A in /var/www/html/vendor/zendframework/zendframework1/library/Zend/Db/Statement/Mysqli.php on line 77
[02-Sep-2020 14:03:08 Asia/Taipei] PHP Fatal error:  Uncaught Zend_Db_Statement_Mysqli_Exception: Mysqli prepare error: Table 'pimcore.cache' doesn't exist in /var/www/html/vendor/zendframework/zendframework1/library/Zend/Db/Statement/Mysqli.php:77
Stack trace:
#0 /var/www/html/vendor/zendframework/zendframework1/library/Zend/Db/Statement.php(115): Zend_Db_Statement_Mysqli->_prepare('SELECT data,exp...')
#1 /var/www/html/vendor/zendframework/zendframework1/library/Zend/Db/Adapter/Mysqli.php(388): Zend_Db_Statement->__construct(Object(Zend_Db_Adapter_Mysqli), 'SELECT data,exp...')
#2 /var/www/html/vendor/zendframework/zendframework1/library/Zend/Db/Adapter/Abstract.php(479): Zend_Db_Adapter_Mysqli->prepare('SELECT data,exp...')
#3 /var/www/html/vendor/zendframework/zendframework1/library/Zend/Db/Adapter/Abstract.php(756): Zend_Db_Adapter_Abstract->query('SELECT data,exp...', Array)
#4 [internal function]: Zend_Db_Adapter_Abstract->fetchRow('SELECT data,exp...', 'system_cache_wr...')
#5 /var/www/html/pimcore/lib/Pimcore/Db/Wrapper.php(291): call_user_func_array(A in /var/www/html/vendor/zendframework/zendframework1/library/Zend/Db/Statement/Mysqli.php on line 77
[02-Sep-2020 14:03:08 Asia/Taipei] PHP Fatal error:  Uncaught Zend_Db_Statement_Mysqli_Exception: Mysqli prepare error: Table 'pimcore.cache' doesn't exist in /var/www/html/vendor/zendframework/zendframework1/library/Zend/Db/Statement/Mysqli.php:77
Stack trace:
#0 /var/www/html/vendor/zendframework/zendframework1/library/Zend/Db/Statement.php(115): Zend_Db_Statement_Mysqli->_prepare('SELECT data,exp...')
#1 /var/www/html/vendor/zendframework/zendframework1/library/Zend/Db/Adapter/Mysqli.php(388): Zend_Db_Statement->__construct(Object(Zend_Db_Adapter_Mysqli), 'SELECT data,exp...')
#2 /var/www/html/vendor/zendframework/zendframework1/library/Zend/Db/Adapter/Abstract.php(479): Zend_Db_Adapter_Mysqli->prepare('SELECT data,exp...')
#3 /var/www/html/vendor/zendframework/zendframework1/library/Zend/Db/Adapter/Abstract.php(756): Zend_Db_Adapter_Abstract->query('SELECT data,exp...', Array)
#4 [internal function]: Zend_Db_Adapter_Abstract->fetchRow('SELECT data,exp...', 'system_cache_wr...')
#5 /var/www/html/pimcore/lib/Pimcore/Db/Wrapper.php(291): call_user_func_array(A in /var/www/html/vendor/zendframework/zendframework1/library/Zend/Db/Statement/Mysqli.php on line 77
[02-Sep-2020 14:03:08 Asia/Taipei] PHP Fatal error:  Uncaught Zend_Db_Statement_Mysqli_Exception: Mysqli prepare error: Table 'pimcore.cache' doesn't exist in /var/www/html/vendor/zendframework/zendframework1/library/Zend/Db/Statement/Mysqli.php:77
Stack trace:
#0 /var/www/html/vendor/zendframework/zendframework1/library/Zend/Db/Statement.php(115): Zend_Db_Statement_Mysqli->_prepare('SELECT data,exp...')
#1 /var/www/html/vendor/zendframework/zendframework1/library/Zend/Db/Adapter/Mysqli.php(388): Zend_Db_Statement->__construct(Object(Zend_Db_Adapter_Mysqli), 'SELECT data,exp...')
#2 /var/www/html/vendor/zendframework/zendframework1/library/Zend/Db/Adapter/Abstract.php(479): Zend_Db_Adapter_Mysqli->prepare('SELECT data,exp...')
#3 /var/www/html/vendor/zendframework/zendframework1/library/Zend/Db/Adapter/Abstract.php(756): Zend_Db_Adapter_Abstract->query('SELECT data,exp...', Array)
#4 [internal function]: Zend_Db_Adapter_Abstract->fetchRow('SELECT data,exp...', 'system_cache_wr...')
#5 /var/www/html/pimcore/lib/Pimcore/Db/Wrapper.php(291): call_user_func_array(A in /var/www/html/vendor/zendframework/zendframework1/library/Zend/Db/Statement/Mysqli.php on line 77
[02-Sep-2020 14:03:08 Asia/Taipei] PHP Fatal error:  Uncaught Zend_Db_Statement_Mysqli_Exception: Mysqli prepare error: Table 'pimcore.cache' doesn't exist in /var/www/html/vendor/zendframework/zendframework1/library/Zend/Db/Statement/Mysqli.php:77
Stack trace:
#0 /var/www/html/vendor/zendframework/zendframework1/library/Zend/Db/Statement.php(115): Zend_Db_Statement_Mysqli->_prepare('SELECT data,exp...')
#1 /var/www/html/vendor/zendframework/zendframework1/library/Zend/Db/Adapter/Mysqli.php(388): Zend_Db_Statement->__construct(Object(Zend_Db_Adapter_Mysqli), 'SELECT data,exp...')
#2 /var/www/html/vendor/zendframework/zendframework1/library/Zend/Db/Adapter/Abstract.php(479): Zend_Db_Adapter_Mysqli->prepare('SELECT data,exp...')
#3 /var/www/html/vendor/zendframework/zendframework1/library/Zend/Db/Adapter/Abstract.php(756): Zend_Db_Adapter_Abstract->query('SELECT data,exp...', Array)
#4 [internal function]: Zend_Db_Adapter_Abstract->fetchRow('SELECT data,exp...', 'system_cache_wr...')
#5 /var/www/html/pimcore/lib/Pimcore/Db/Wrapper.php(291): call_user_func_array(A in /var/www/html/vendor/zendframework/zendframework1/library/Zend/Db/Statement/Mysqli.php on line 77
[02-Sep-2020 14:03:09 Asia/Taipei] PHP Fatal error:  Uncaught Zend_Db_Statement_Mysqli_Exception: Mysqli prepare error: Table 'pimcore.cache' doesn't exist in /var/www/html/vendor/zendframework/zendframework1/library/Zend/Db/Statement/Mysqli.php:77
Stack trace:
#0 /var/www/html/vendor/zendframework/zendframework1/library/Zend/Db/Statement.php(115): Zend_Db_Statement_Mysqli->_prepare('SELECT data,exp...')
#1 /var/www/html/vendor/zendframework/zendframework1/library/Zend/Db/Adapter/Mysqli.php(388): Zend_Db_Statement->__construct(Object(Zend_Db_Adapter_Mysqli), 'SELECT data,exp...')
#2 /var/www/html/vendor/zendframework/zendframework1/library/Zend/Db/Adapter/Abstract.php(479): Zend_Db_Adapter_Mysqli->prepare('SELECT data,exp...')
#3 /var/www/html/vendor/zendframework/zendframework1/library/Zend/Db/Adapter/Abstract.php(756): Zend_Db_Adapter_Abstract->query('SELECT data,exp...', Array)
#4 [internal function]: Zend_Db_Adapter_Abstract->fetchRow('SELECT data,exp...', 'system_cache_wr...')
#5 /var/www/html/pimcore/lib/Pimcore/Db/Wrapper.php(291): call_user_func_array(A in /var/www/html/vendor/zendframework/zendframework1/library/Zend/Db/Statement/Mysqli.php on line 77
[02-Sep-2020 14:03:09 Asia/Taipei] PHP Fatal error:  Uncaught Zend_Db_Statement_Mysqli_Exception: Mysqli prepare error: Table 'pimcore.cache' doesn't exist in /var/www/html/vendor/zendframework/zendframework1/library/Zend/Db/Statement/Mysqli.php:77
Stack trace:
#0 /var/www/html/vendor/zendframework/zendframework1/library/Zend/Db/Statement.php(115): Zend_Db_Statement_Mysqli->_prepare('SELECT data,exp...')
#1 /var/www/html/vendor/zendframework/zendframework1/library/Zend/Db/Adapter/Mysqli.php(388): Zend_Db_Statement->__construct(Object(Zend_Db_Adapter_Mysqli), 'SELECT data,exp...')
#2 /var/www/html/vendor/zendframework/zendframework1/library/Zend/Db/Adapter/Abstract.php(479): Zend_Db_Adapter_Mysqli->prepare('SELECT data,exp...')
#3 /var/www/html/vendor/zendframework/zendframework1/library/Zend/Db/Adapter/Abstract.php(756): Zend_Db_Adapter_Abstract->query('SELECT data,exp...', Array)
#4 [internal function]: Zend_Db_Adapter_Abstract->fetchRow('SELECT data,exp...', 'system_cache_wr...')
#5 /var/www/html/pimcore/lib/Pimcore/Db/Wrapper.php(291): call_user_func_array(A in /var/www/html/vendor/zendframework/zendframework1/library/Zend/Db/Statement/Mysqli.php on line 77
[02-Sep-2020 14:03:09 Asia/Taipei] PHP Fatal error:  Uncaught Zend_Db_Statement_Mysqli_Exception: Mysqli prepare error: Table 'pimcore.cache' doesn't exist in /var/www/html/vendor/zendframework/zendframework1/library/Zend/Db/Statement/Mysqli.php:77
Stack trace:
#0 /var/www/html/vendor/zendframework/zendframework1/library/Zend/Db/Statement.php(115): Zend_Db_Statement_Mysqli->_prepare('SELECT data,exp...')
#1 /var/www/html/vendor/zendframework/zendframework1/library/Zend/Db/Adapter/Mysqli.php(388): Zend_Db_Statement->__construct(Object(Zend_Db_Adapter_Mysqli), 'SELECT data,exp...')
#2 /var/www/html/vendor/zendframework/zendframework1/library/Zend/Db/Adapter/Abstract.php(479): Zend_Db_Adapter_Mysqli->prepare('SELECT data,exp...')
#3 /var/www/html/vendor/zendframework/zendframework1/library/Zend/Db/Adapter/Abstract.php(756): Zend_Db_Adapter_Abstract->query('SELECT data,exp...', Array)
#4 [internal function]: Zend_Db_Adapter_Abstract->fetchRow('SELECT data,exp...', 'system_cache_wr...')
#5 /var/www/html/pimcore/lib/Pimcore/Db/Wrapper.php(291): call_user_func_array(A in /var/www/html/vendor/zendframework/zendframework1/library/Zend/Db/Statement/Mysqli.php on line 77
[02-Sep-2020 14:03:09 Asia/Taipei] PHP Fatal error:  Uncaught Zend_Db_Statement_Mysqli_Exception: Mysqli prepare error: Table 'pimcore.cache' doesn't exist in /var/www/html/vendor/zendframework/zendframework1/library/Zend/Db/Statement/Mysqli.php:77
Stack trace:
#0 /var/www/html/vendor/zendframework/zendframework1/library/Zend/Db/Statement.php(115): Zend_Db_Statement_Mysqli->_prepare('SELECT data,exp...')
#1 /var/www/html/vendor/zendframework/zendframework1/library/Zend/Db/Adapter/Mysqli.php(388): Zend_Db_Statement->__construct(Object(Zend_Db_Adapter_Mysqli), 'SELECT data,exp...')
#2 /var/www/html/vendor/zendframework/zendframework1/library/Zend/Db/Adapter/Abstract.php(479): Zend_Db_Adapter_Mysqli->prepare('SELECT data,exp...')
#3 /var/www/html/vendor/zendframework/zendframework1/library/Zend/Db/Adapter/Abstract.php(756): Zend_Db_Adapter_Abstract->query('SELECT data,exp...', Array)
#4 [internal function]: Zend_Db_Adapter_Abstract->fetchRow('SELECT data,exp...', 'system_cache_wr...')
#5 /var/www/html/pimcore/lib/Pimcore/Db/Wrapper.php(291): call_user_func_array(A in /var/www/html/vendor/zendframework/zendframework1/library/Zend/Db/Statement/Mysqli.php on line 77
[02-Sep-2020 14:03:09 Asia/Taipei] PHP Fatal error:  Uncaught Zend_Db_Statement_Mysqli_Exception: Mysqli prepare error: Table 'pimcore.cache' doesn't exist in /var/www/html/vendor/zendframework/zendframework1/library/Zend/Db/Statement/Mysqli.php:77
Stack trace:
#0 /var/www/html/vendor/zendframework/zendframework1/library/Zend/Db/Statement.php(115): Zend_Db_Statement_Mysqli->_prepare('SELECT data,exp...')
#1 /var/www/html/vendor/zendframework/zendframework1/library/Zend/Db/Adapter/Mysqli.php(388): Zend_Db_Statement->__construct(Object(Zend_Db_Adapter_Mysqli), 'SELECT data,exp...')
#2 /var/www/html/vendor/zendframework/zendframework1/library/Zend/Db/Adapter/Abstract.php(479): Zend_Db_Adapter_Mysqli->prepare('SELECT data,exp...')
#3 /var/www/html/vendor/zendframework/zendframework1/library/Zend/Db/Adapter/Abstract.php(756): Zend_Db_Adapter_Abstract->query('SELECT data,exp...', Array)
#4 [internal function]: Zend_Db_Adapter_Abstract->fetchRow('SELECT data,exp...', 'system_cache_wr...')
#5 /var/www/html/pimcore/lib/Pimcore/Db/Wrapper.php(291): call_user_func_array(A in /var/www/html/vendor/zendframework/zendframework1/library/Zend/Db/Statement/Mysqli.php on line 77
[02-Sep-2020 14:03:09 Asia/Taipei] PHP Fatal error:  Uncaught Zend_Db_Statement_Mysqli_Exception: Mysqli prepare error: Table 'pimcore.cache' doesn't exist in /var/www/html/vendor/zendframework/zendframework1/library/Zend/Db/Statement/Mysqli.php:77
Stack trace:
#0 /var/www/html/vendor/zendframework/zendframework1/library/Zend/Db/Statement.php(115): Zend_Db_Statement_Mysqli->_prepare('SELECT data,exp...')
#1 /var/www/html/vendor/zendframework/zendframework1/library/Zend/Db/Adapter/Mysqli.php(388): Zend_Db_Statement->__construct(Object(Zend_Db_Adapter_Mysqli), 'SELECT data,exp...')
#2 /var/www/html/vendor/zendframework/zendframework1/library/Zend/Db/Adapter/Abstract.php(479): Zend_Db_Adapter_Mysqli->prepare('SELECT data,exp...')
#3 /var/www/html/vendor/zendframework/zendframework1/library/Zend/Db/Adapter/Abstract.php(756): Zend_Db_Adapter_Abstract->query('SELECT data,exp...', Array)
#4 [internal function]: Zend_Db_Adapter_Abstract->fetchRow('SELECT data,exp...', 'system_cache_wr...')
#5 /var/www/html/pimcore/lib/Pimcore/Db/Wrapper.php(291): call_user_func_array(A in /var/www/html/vendor/zendframework/zendframework1/library/Zend/Db/Statement/Mysqli.php on line 77
[02-Sep-2020 14:03:09 Asia/Taipei] PHP Fatal error:  Uncaught Zend_Db_Statement_Mysqli_Exception: Mysqli prepare error: Table 'pimcore.cache' doesn't exist in /var/www/html/vendor/zendframework/zendframework1/library/Zend/Db/Statement/Mysqli.php:77
Stack trace:
#0 /var/www/html/vendor/zendframework/zendframework1/library/Zend/Db/Statement.php(115): Zend_Db_Statement_Mysqli->_prepare('SELECT data,exp...')
#1 /var/www/html/vendor/zendframework/zendframework1/library/Zend/Db/Adapter/Mysqli.php(388): Zend_Db_Statement->__construct(Object(Zend_Db_Adapter_Mysqli), 'SELECT data,exp...')
#2 /var/www/html/vendor/zendframework/zendframework1/library/Zend/Db/Adapter/Abstract.php(479): Zend_Db_Adapter_Mysqli->prepare('SELECT data,exp...')
#3 /var/www/html/vendor/zendframework/zendframework1/library/Zend/Db/Adapter/Abstract.php(756): Zend_Db_Adapter_Abstract->query('SELECT data,exp...', Array)
#4 [internal function]: Zend_Db_Adapter_Abstract->fetchRow('SELECT data,exp...', 'system_cache_wr...')
#5 /var/www/html/pimcore/lib/Pimcore/Db/Wrapper.php(291): call_user_func_array(A in /var/www/html/vendor/zendframework/zendframework1/library/Zend/Db/Statement/Mysqli.php on line 77
[02-Sep-2020 14:03:09 Asia/Taipei] PHP Fatal error:  Uncaught Zend_Db_Statement_Mysqli_Exception: Mysqli prepare error: Table 'pimcore.cache' doesn't exist in /var/www/html/vendor/zendframework/zendframework1/library/Zend/Db/Statement/Mysqli.php:77
Stack trace:
#0 /var/www/html/vendor/zendframework/zendframework1/library/Zend/Db/Statement.php(115): Zend_Db_Statement_Mysqli->_prepare('SELECT data,exp...')
#1 /var/www/html/vendor/zendframework/zendframework1/library/Zend/Db/Adapter/Mysqli.php(388): Zend_Db_Statement->__construct(Object(Zend_Db_Adapter_Mysqli), 'SELECT data,exp...')
#2 /var/www/html/vendor/zendframework/zendframework1/library/Zend/Db/Adapter/Abstract.php(479): Zend_Db_Adapter_Mysqli->prepare('SELECT data,exp...')
#3 /var/www/html/vendor/zendframework/zendframework1/library/Zend/Db/Adapter/Abstract.php(756): Zend_Db_Adapter_Abstract->query('SELECT data,exp...', Array)
#4 [internal function]: Zend_Db_Adapter_Abstract->fetchRow('SELECT data,exp...', 'system_cache_wr...')
#5 /var/www/html/pimcore/lib/Pimcore/Db/Wrapper.php(291): call_user_func_array(A in /var/www/html/vendor/zendframework/zendframework1/library/Zend/Db/Statement/Mysqli.php on line 77
[02-Sep-2020 14:05:04 Asia/Taipei] PHP Warning:  Cannot modify header information - headers already sent by (output started at /var/www/html/pimcore/lib/Pimcore/Tool.php:732) in /var/www/html/pimcore/lib/Pimcore/Tool.php on line 729
[02-Sep-2020 14:14:06 Asia/Taipei] PHP Warning:  Cannot modify header information - headers already sent by (output started at /var/www/html/pimcore/lib/Pimcore/Tool.php:732) in /var/www/html/pimcore/lib/Pimcore/Tool.php on line 729
[02-Sep-2020 14:14:07 Asia/Taipei] PHP Warning:  Cannot modify header information - headers already sent by (output started at /var/www/html/pimcore/lib/Pimcore/Tool.php:732) in /var/www/html/pimcore/lib/Pimcore/Tool.php on line 729
[02-Sep-2020 14:14:08 Asia/Taipei] PHP Warning:  Cannot modify header information - headers already sent by (output started at /var/www/html/pimcore/lib/Pimcore/Tool.php:732) in /var/www/html/pimcore/lib/Pimcore/Tool.php on line 729
[02-Sep-2020 14:14:08 Asia/Taipei] PHP Warning:  Cannot modify header information - headers already sent by (output started at /var/www/html/pimcore/lib/Pimcore/Tool.php:732) in /var/www/html/pimcore/lib/Pimcore/Tool.php on line 729
[02-Sep-2020 14:14:09 Asia/Taipei] PHP Warning:  Cannot modify header information - headers already sent by (output started at /var/www/html/pimcore/lib/Pimcore/Tool.php:732) in /var/www/html/pimcore/lib/Pimcore/Tool.php on line 729
[02-Sep-2020 14:14:09 Asia/Taipei] PHP Warning:  Cannot modify header information - headers already sent by (output started at /var/www/html/pimcore/lib/Pimcore/Tool.php:732) in /var/www/html/pimcore/lib/Pimcore/Tool.php on line 729
[02-Sep-2020 14:14:09 Asia/Taipei] PHP Warning:  Cannot modify header information - headers already sent by (output started at /var/www/html/pimcore/lib/Pimcore/Tool.php:732) in /var/www/html/pimcore/lib/Pimcore/Tool.php on line 729
[02-Sep-2020 14:14:10 Asia/Taipei] PHP Warning:  Cannot modify header information - headers already sent by (output started at /var/www/html/pimcore/lib/Pimcore/Tool.php:732) in /var/www/html/pimcore/lib/Pimcore/Tool.php on line 729
[02-Sep-2020 14:14:10 Asia/Taipei] PHP Warning:  Cannot modify header information - headers already sent by (output started at /var/www/html/pimcore/lib/Pimcore/Tool.php:732) in /var/www/html/pimcore/lib/Pimcore/Tool.php on line 729
[02-Sep-2020 14:29:36 Asia/Taipei] PHP Warning:  Cannot modify header information - headers already sent by (output started at /var/www/html/pimcore/lib/Pimcore/Tool.php:732) in /var/www/html/pimcore/lib/Pimcore/Tool.php on line 729
[02-Sep-2020 15:04:21 Asia/Taipei] PHP Warning:  Cannot modify header information - headers already sent by (output started at /var/www/html/pimcore/lib/Pimcore/Tool.php:732) in /var/www/html/pimcore/lib/Pimcore/Tool.php on line 729
[02-Sep-2020 15:04:22 Asia/Taipei] PHP Warning:  Cannot modify header information - headers already sent by (output started at /var/www/html/pimcore/lib/Pimcore/Tool.php:732) in /var/www/html/pimcore/lib/Pimcore/Tool.php on line 729
[02-Sep-2020 15:11:37 Asia/Taipei] PHP Warning:  Cannot modify header information - headers already sent by (output started at /var/www/html/pimcore/lib/Pimcore/Tool.php:732) in /var/www/html/pimcore/lib/Pimcore/Tool.php on line 729
[02-Sep-2020 15:11:37 Asia/Taipei] PHP Warning:  Cannot modify header information - headers already sent by (output started at /var/www/html/pimcore/lib/Pimcore/Tool.php:732) in /var/www/html/pimcore/lib/Pimcore/Tool.php on line 729
[02-Sep-2020 15:15:02 Asia/Taipei] PHP Fatal error:  Uncaught Zend_Db_Statement_Mysqli_Exception: Mysqli prepare error: Table 'pimcore.cache' doesn't exist in /var/www/html/vendor/zendframework/zendframework1/library/Zend/Db/Statement/Mysqli.php:77
Stack trace:
#0 /var/www/html/vendor/zendframework/zendframework1/library/Zend/Db/Statement.php(115): Zend_Db_Statement_Mysqli->_prepare('SELECT data,exp...')
#1 /var/www/html/vendor/zendframework/zendframework1/library/Zend/Db/Adapter/Mysqli.php(388): Zend_Db_Statement->__construct(Object(Zend_Db_Adapter_Mysqli), 'SELECT data,exp...')
#2 /var/www/html/vendor/zendframework/zendframework1/library/Zend/Db/Adapter/Abstract.php(479): Zend_Db_Adapter_Mysqli->prepare('SELECT data,exp...')
#3 /var/www/html/vendor/zendframework/zendframework1/library/Zend/Db/Adapter/Abstract.php(756): Zend_Db_Adapter_Abstract->query('SELECT data,exp...', Array)
#4 [internal function]: Zend_Db_Adapter_Abstract->fetchRow('SELECT data,exp...', 'system_cache_wr...')
#5 /var/www/html/pimcore/lib/Pimcore/Db/Wrapper.php(291): call_user_func_array(A in /var/www/html/vendor/zendframework/zendframework1/library/Zend/Db/Statement/Mysqli.php on line 77
[02-Sep-2020 15:15:02 Asia/Taipei] PHP Fatal error:  Uncaught Zend_Db_Statement_Mysqli_Exception: Mysqli prepare error: Table 'pimcore.cache' doesn't exist in /var/www/html/vendor/zendframework/zendframework1/library/Zend/Db/Statement/Mysqli.php:77
Stack trace:
#0 /var/www/html/vendor/zendframework/zendframework1/library/Zend/Db/Statement.php(115): Zend_Db_Statement_Mysqli->_prepare('SELECT data,exp...')
#1 /var/www/html/vendor/zendframework/zendframework1/library/Zend/Db/Adapter/Mysqli.php(388): Zend_Db_Statement->__construct(Object(Zend_Db_Adapter_Mysqli), 'SELECT data,exp...')
#2 /var/www/html/vendor/zendframework/zendframework1/library/Zend/Db/Adapter/Abstract.php(479): Zend_Db_Adapter_Mysqli->prepare('SELECT data,exp...')
#3 /var/www/html/vendor/zendframework/zendframework1/library/Zend/Db/Adapter/Abstract.php(756): Zend_Db_Adapter_Abstract->query('SELECT data,exp...', Array)
#4 [internal function]: Zend_Db_Adapter_Abstract->fetchRow('SELECT data,exp...', 'system_cache_wr...')
#5 /var/www/html/pimcore/lib/Pimcore/Db/Wrapper.php(291): call_user_func_array(A in /var/www/html/vendor/zendframework/zendframework1/library/Zend/Db/Statement/Mysqli.php on line 77
[02-Sep-2020 15:15:03 Asia/Taipei] PHP Fatal error:  Uncaught Zend_Db_Statement_Mysqli_Exception: Mysqli prepare error: Table 'pimcore.cache' doesn't exist in /var/www/html/vendor/zendframework/zendframework1/library/Zend/Db/Statement/Mysqli.php:77
Stack trace:
#0 /var/www/html/vendor/zendframework/zendframework1/library/Zend/Db/Statement.php(115): Zend_Db_Statement_Mysqli->_prepare('SELECT data,exp...')
#1 /var/www/html/vendor/zendframework/zendframework1/library/Zend/Db/Adapter/Mysqli.php(388): Zend_Db_Statement->__construct(Object(Zend_Db_Adapter_Mysqli), 'SELECT data,exp...')
#2 /var/www/html/vendor/zendframework/zendframework1/library/Zend/Db/Adapter/Abstract.php(479): Zend_Db_Adapter_Mysqli->prepare('SELECT data,exp...')
#3 /var/www/html/vendor/zendframework/zendframework1/library/Zend/Db/Adapter/Abstract.php(756): Zend_Db_Adapter_Abstract->query('SELECT data,exp...', Array)
#4 [internal function]: Zend_Db_Adapter_Abstract->fetchRow('SELECT data,exp...', 'system_cache_wr...')
#5 /var/www/html/pimcore/lib/Pimcore/Db/Wrapper.php(291): call_user_func_array(A in /var/www/html/vendor/zendframework/zendframework1/library/Zend/Db/Statement/Mysqli.php on line 77
[02-Sep-2020 15:15:03 Asia/Taipei] PHP Fatal error:  Uncaught Zend_Db_Statement_Mysqli_Exception: Mysqli prepare error: Table 'pimcore.cache' doesn't exist in /var/www/html/vendor/zendframework/zendframework1/library/Zend/Db/Statement/Mysqli.php:77
Stack trace:
#0 /var/www/html/vendor/zendframework/zendframework1/library/Zend/Db/Statement.php(115): Zend_Db_Statement_Mysqli->_prepare('SELECT data,exp...')
#1 /var/www/html/vendor/zendframework/zendframework1/library/Zend/Db/Adapter/Mysqli.php(388): Zend_Db_Statement->__construct(Object(Zend_Db_Adapter_Mysqli), 'SELECT data,exp...')
#2 /var/www/html/vendor/zendframework/zendframework1/library/Zend/Db/Adapter/Abstract.php(479): Zend_Db_Adapter_Mysqli->prepare('SELECT data,exp...')
#3 /var/www/html/vendor/zendframework/zendframework1/library/Zend/Db/Adapter/Abstract.php(756): Zend_Db_Adapter_Abstract->query('SELECT data,exp...', Array)
#4 [internal function]: Zend_Db_Adapter_Abstract->fetchRow('SELECT data,exp...', 'system_cache_wr...')
#5 /var/www/html/pimcore/lib/Pimcore/Db/Wrapper.php(291): call_user_func_array(A in /var/www/html/vendor/zendframework/zendframework1/library/Zend/Db/Statement/Mysqli.php on line 77
[02-Sep-2020 15:15:04 Asia/Taipei] PHP Fatal error:  Uncaught Zend_Db_Statement_Mysqli_Exception: Mysqli prepare error: Table 'pimcore.cache' doesn't exist in /var/www/html/vendor/zendframework/zendframework1/library/Zend/Db/Statement/Mysqli.php:77
Stack trace:
#0 /var/www/html/vendor/zendframework/zendframework1/library/Zend/Db/Statement.php(115): Zend_Db_Statement_Mysqli->_prepare('SELECT data,exp...')
#1 /var/www/html/vendor/zendframework/zendframework1/library/Zend/Db/Adapter/Mysqli.php(388): Zend_Db_Statement->__construct(Object(Zend_Db_Adapter_Mysqli), 'SELECT data,exp...')
#2 /var/www/html/vendor/zendframework/zendframework1/library/Zend/Db/Adapter/Abstract.php(479): Zend_Db_Adapter_Mysqli->prepare('SELECT data,exp...')
#3 /var/www/html/vendor/zendframework/zendframework1/library/Zend/Db/Adapter/Abstract.php(756): Zend_Db_Adapter_Abstract->query('SELECT data,exp...', Array)
#4 [internal function]: Zend_Db_Adapter_Abstract->fetchRow('SELECT data,exp...', 'system_cache_wr...')
#5 /var/www/html/pimcore/lib/Pimcore/Db/Wrapper.php(291): call_user_func_array(A in /var/www/html/vendor/zendframework/zendframework1/library/Zend/Db/Statement/Mysqli.php on line 77
[02-Sep-2020 15:15:04 Asia/Taipei] PHP Fatal error:  Uncaught Zend_Db_Statement_Mysqli_Exception: Mysqli prepare error: Table 'pimcore.cache' doesn't exist in /var/www/html/vendor/zendframework/zendframework1/library/Zend/Db/Statement/Mysqli.php:77
Stack trace:
#0 /var/www/html/vendor/zendframework/zendframework1/library/Zend/Db/Statement.php(115): Zend_Db_Statement_Mysqli->_prepare('SELECT data,exp...')
#1 /var/www/html/vendor/zendframework/zendframework1/library/Zend/Db/Adapter/Mysqli.php(388): Zend_Db_Statement->__construct(Object(Zend_Db_Adapter_Mysqli), 'SELECT data,exp...')
#2 /var/www/html/vendor/zendframework/zendframework1/library/Zend/Db/Adapter/Abstract.php(479): Zend_Db_Adapter_Mysqli->prepare('SELECT data,exp...')
#3 /var/www/html/vendor/zendframework/zendframework1/library/Zend/Db/Adapter/Abstract.php(756): Zend_Db_Adapter_Abstract->query('SELECT data,exp...', Array)
#4 [internal function]: Zend_Db_Adapter_Abstract->fetchRow('SELECT data,exp...', 'system_cache_wr...')
#5 /var/www/html/pimcore/lib/Pimcore/Db/Wrapper.php(291): call_user_func_array(A in /var/www/html/vendor/zendframework/zendframework1/library/Zend/Db/Statement/Mysqli.php on line 77
[02-Sep-2020 15:15:04 Asia/Taipei] PHP Fatal error:  Uncaught Zend_Db_Statement_Mysqli_Exception: Mysqli prepare error: Table 'pimcore.cache' doesn't exist in /var/www/html/vendor/zendframework/zendframework1/library/Zend/Db/Statement/Mysqli.php:77
Stack trace:
#0 /var/www/html/vendor/zendframework/zendframework1/library/Zend/Db/Statement.php(115): Zend_Db_Statement_Mysqli->_prepare('SELECT data,exp...')
#1 /var/www/html/vendor/zendframework/zendframework1/library/Zend/Db/Adapter/Mysqli.php(388): Zend_Db_Statement->__construct(Object(Zend_Db_Adapter_Mysqli), 'SELECT data,exp...')
#2 /var/www/html/vendor/zendframework/zendframework1/library/Zend/Db/Adapter/Abstract.php(479): Zend_Db_Adapter_Mysqli->prepare('SELECT data,exp...')
#3 /var/www/html/vendor/zendframework/zendframework1/library/Zend/Db/Adapter/Abstract.php(756): Zend_Db_Adapter_Abstract->query('SELECT data,exp...', Array)
#4 [internal function]: Zend_Db_Adapter_Abstract->fetchRow('SELECT data,exp...', 'system_cache_wr...')
#5 /var/www/html/pimcore/lib/Pimcore/Db/Wrapper.php(291): call_user_func_array(A in /var/www/html/vendor/zendframework/zendframework1/library/Zend/Db/Statement/Mysqli.php on line 77
[02-Sep-2020 15:15:04 Asia/Taipei] PHP Fatal error:  Uncaught Zend_Db_Statement_Mysqli_Exception: Mysqli prepare error: Table 'pimcore.cache' doesn't exist in /var/www/html/vendor/zendframework/zendframework1/library/Zend/Db/Statement/Mysqli.php:77
Stack trace:
#0 /var/www/html/vendor/zendframework/zendframework1/library/Zend/Db/Statement.php(115): Zend_Db_Statement_Mysqli->_prepare('SELECT data,exp...')
#1 /var/www/html/vendor/zendframework/zendframework1/library/Zend/Db/Adapter/Mysqli.php(388): Zend_Db_Statement->__construct(Object(Zend_Db_Adapter_Mysqli), 'SELECT data,exp...')
#2 /var/www/html/vendor/zendframework/zendframework1/library/Zend/Db/Adapter/Abstract.php(479): Zend_Db_Adapter_Mysqli->prepare('SELECT data,exp...')
#3 /var/www/html/vendor/zendframework/zendframework1/library/Zend/Db/Adapter/Abstract.php(756): Zend_Db_Adapter_Abstract->query('SELECT data,exp...', Array)
#4 [internal function]: Zend_Db_Adapter_Abstract->fetchRow('SELECT data,exp...', 'system_cache_wr...')
#5 /var/www/html/pimcore/lib/Pimcore/Db/Wrapper.php(291): call_user_func_array(A in /var/www/html/vendor/zendframework/zendframework1/library/Zend/Db/Statement/Mysqli.php on line 77
[02-Sep-2020 15:15:52 Asia/Taipei] PHP Warning:  Cannot modify header information - headers already sent by (output started at /var/www/html/pimcore/lib/Pimcore/Tool.php:732) in /var/www/html/pimcore/lib/Pimcore/Tool.php on line 729
[02-Sep-2020 15:18:01 Asia/Taipei] PHP Warning:  Cannot modify header information - headers already sent by (output started at /var/www/html/pimcore/lib/Pimcore/Tool.php:732) in /var/www/html/pimcore/lib/Pimcore/Tool.php on line 729
[02-Sep-2020 15:19:02 Asia/Taipei] PHP Warning:  Cannot modify header information - headers already sent by (output started at /var/www/html/pimcore/lib/Pimcore/Tool.php:732) in /var/www/html/pimcore/lib/Pimcore/Tool.php on line 729
[02-Sep-2020 15:19:03 Asia/Taipei] PHP Warning:  Cannot modify header information - headers already sent by (output started at /var/www/html/pimcore/lib/Pimcore/Tool.php:732) in /var/www/html/pimcore/lib/Pimcore/Tool.php on line 729
[02-Sep-2020 15:20:12 Asia/Taipei] PHP Fatal error:  Uncaught Zend_Db_Statement_Mysqli_Exception: Mysqli prepare error: Table 'pimcore.cache' doesn't exist in /var/www/html/vendor/zendframework/zendframework1/library/Zend/Db/Statement/Mysqli.php:77
Stack trace:
#0 /var/www/html/vendor/zendframework/zendframework1/library/Zend/Db/Statement.php(115): Zend_Db_Statement_Mysqli->_prepare('SELECT data,exp...')
#1 /var/www/html/vendor/zendframework/zendframework1/library/Zend/Db/Adapter/Mysqli.php(388): Zend_Db_Statement->__construct(Object(Zend_Db_Adapter_Mysqli), 'SELECT data,exp...')
#2 /var/www/html/vendor/zendframework/zendframework1/library/Zend/Db/Adapter/Abstract.php(479): Zend_Db_Adapter_Mysqli->prepare('SELECT data,exp...')
#3 /var/www/html/vendor/zendframework/zendframework1/library/Zend/Db/Adapter/Abstract.php(756): Zend_Db_Adapter_Abstract->query('SELECT data,exp...', Array)
#4 [internal function]: Zend_Db_Adapter_Abstract->fetchRow('SELECT data,exp...', 'system_cache_wr...')
#5 /var/www/html/pimcore/lib/Pimcore/Db/Wrapper.php(291): call_user_func_array(A in /var/www/html/vendor/zendframework/zendframework1/library/Zend/Db/Statement/Mysqli.php on line 77
[02-Sep-2020 15:20:12 Asia/Taipei] PHP Fatal error:  Uncaught Zend_Db_Statement_Mysqli_Exception: Mysqli prepare error: Table 'pimcore.cache' doesn't exist in /var/www/html/vendor/zendframework/zendframework1/library/Zend/Db/Statement/Mysqli.php:77
Stack trace:
#0 /var/www/html/vendor/zendframework/zendframework1/library/Zend/Db/Statement.php(115): Zend_Db_Statement_Mysqli->_prepare('SELECT data,exp...')
#1 /var/www/html/vendor/zendframework/zendframework1/library/Zend/Db/Adapter/Mysqli.php(388): Zend_Db_Statement->__construct(Object(Zend_Db_Adapter_Mysqli), 'SELECT data,exp...')
#2 /var/www/html/vendor/zendframework/zendframework1/library/Zend/Db/Adapter/Abstract.php(479): Zend_Db_Adapter_Mysqli->prepare('SELECT data,exp...')
#3 /var/www/html/vendor/zendframework/zendframework1/library/Zend/Db/Adapter/Abstract.php(756): Zend_Db_Adapter_Abstract->query('SELECT data,exp...', Array)
#4 [internal function]: Zend_Db_Adapter_Abstract->fetchRow('SELECT data,exp...', 'system_cache_wr...')
#5 /var/www/html/pimcore/lib/Pimcore/Db/Wrapper.php(291): call_user_func_array(A in /var/www/html/vendor/zendframework/zendframework1/library/Zend/Db/Statement/Mysqli.php on line 77
[02-Sep-2020 15:20:13 Asia/Taipei] PHP Fatal error:  Uncaught Zend_Db_Statement_Mysqli_Exception: Mysqli prepare error: Table 'pimcore.cache' doesn't exist in /var/www/html/vendor/zendframework/zendframework1/library/Zend/Db/Statement/Mysqli.php:77
Stack trace:
#0 /var/www/html/vendor/zendframework/zendframework1/library/Zend/Db/Statement.php(115): Zend_Db_Statement_Mysqli->_prepare('SELECT data,exp...')
#1 /var/www/html/vendor/zendframework/zendframework1/library/Zend/Db/Adapter/Mysqli.php(388): Zend_Db_Statement->__construct(Object(Zend_Db_Adapter_Mysqli), 'SELECT data,exp...')
#2 /var/www/html/vendor/zendframework/zendframework1/library/Zend/Db/Adapter/Abstract.php(479): Zend_Db_Adapter_Mysqli->prepare('SELECT data,exp...')
#3 /var/www/html/vendor/zendframework/zendframework1/library/Zend/Db/Adapter/Abstract.php(756): Zend_Db_Adapter_Abstract->query('SELECT data,exp...', Array)
#4 [internal function]: Zend_Db_Adapter_Abstract->fetchRow('SELECT data,exp...', 'system_cache_wr...')
#5 /var/www/html/pimcore/lib/Pimcore/Db/Wrapper.php(291): call_user_func_array(A in /var/www/html/vendor/zendframework/zendframework1/library/Zend/Db/Statement/Mysqli.php on line 77
[02-Sep-2020 15:20:13 Asia/Taipei] PHP Fatal error:  Uncaught Zend_Db_Statement_Mysqli_Exception: Mysqli prepare error: Table 'pimcore.cache' doesn't exist in /var/www/html/vendor/zendframework/zendframework1/library/Zend/Db/Statement/Mysqli.php:77
Stack trace:
#0 /var/www/html/vendor/zendframework/zendframework1/library/Zend/Db/Statement.php(115): Zend_Db_Statement_Mysqli->_prepare('SELECT data,exp...')
#1 /var/www/html/vendor/zendframework/zendframework1/library/Zend/Db/Adapter/Mysqli.php(388): Zend_Db_Statement->__construct(Object(Zend_Db_Adapter_Mysqli), 'SELECT data,exp...')
#2 /var/www/html/vendor/zendframework/zendframework1/library/Zend/Db/Adapter/Abstract.php(479): Zend_Db_Adapter_Mysqli->prepare('SELECT data,exp...')
#3 /var/www/html/vendor/zendframework/zendframework1/library/Zend/Db/Adapter/Abstract.php(756): Zend_Db_Adapter_Abstract->query('SELECT data,exp...', Array)
#4 [internal function]: Zend_Db_Adapter_Abstract->fetchRow('SELECT data,exp...', 'system_cache_wr...')
#5 /var/www/html/pimcore/lib/Pimcore/Db/Wrapper.php(291): call_user_func_array(A in /var/www/html/vendor/zendframework/zendframework1/library/Zend/Db/Statement/Mysqli.php on line 77
[02-Sep-2020 15:31:34 Asia/Taipei] PHP Warning:  Cannot modify header information - headers already sent by (output started at /var/www/html/pimcore/lib/Pimcore/Tool.php:732) in /var/www/html/pimcore/lib/Pimcore/Tool.php on line 729
[02-Sep-2020 15:34:11 Asia/Taipei] PHP Fatal error:  Uncaught Zend_Db_Statement_Mysqli_Exception: Mysqli prepare error: Table 'pimcore.cache' doesn't exist in /var/www/html/vendor/zendframework/zendframework1/library/Zend/Db/Statement/Mysqli.php:77
Stack trace:
#0 /var/www/html/vendor/zendframework/zendframework1/library/Zend/Db/Statement.php(115): Zend_Db_Statement_Mysqli->_prepare('SELECT data,exp...')
#1 /var/www/html/vendor/zendframework/zendframework1/library/Zend/Db/Adapter/Mysqli.php(388): Zend_Db_Statement->__construct(Object(Zend_Db_Adapter_Mysqli), 'SELECT data,exp...')
#2 /var/www/html/vendor/zendframework/zendframework1/library/Zend/Db/Adapter/Abstract.php(479): Zend_Db_Adapter_Mysqli->prepare('SELECT data,exp...')
#3 /var/www/html/vendor/zendframework/zendframework1/library/Zend/Db/Adapter/Abstract.php(756): Zend_Db_Adapter_Abstract->query('SELECT data,exp...', Array)
#4 [internal function]: Zend_Db_Adapter_Abstract->fetchRow('SELECT data,exp...', 'system_cache_wr...')
#5 /var/www/html/pimcore/lib/Pimcore/Db/Wrapper.php(291): call_user_func_array(A in /var/www/html/vendor/zendframework/zendframework1/library/Zend/Db/Statement/Mysqli.php on line 77
[02-Sep-2020 15:34:11 Asia/Taipei] PHP Fatal error:  Uncaught Zend_Db_Statement_Mysqli_Exception: Mysqli prepare error: Table 'pimcore.cache' doesn't exist in /var/www/html/vendor/zendframework/zendframework1/library/Zend/Db/Statement/Mysqli.php:77
Stack trace:
#0 /var/www/html/vendor/zendframework/zendframework1/library/Zend/Db/Statement.php(115): Zend_Db_Statement_Mysqli->_prepare('SELECT data,exp...')
#1 /var/www/html/vendor/zendframework/zendframework1/library/Zend/Db/Adapter/Mysqli.php(388): Zend_Db_Statement->__construct(Object(Zend_Db_Adapter_Mysqli), 'SELECT data,exp...')
#2 /var/www/html/vendor/zendframework/zendframework1/library/Zend/Db/Adapter/Abstract.php(479): Zend_Db_Adapter_Mysqli->prepare('SELECT data,exp...')
#3 /var/www/html/vendor/zendframework/zendframework1/library/Zend/Db/Adapter/Abstract.php(756): Zend_Db_Adapter_Abstract->query('SELECT data,exp...', Array)
#4 [internal function]: Zend_Db_Adapter_Abstract->fetchRow('SELECT data,exp...', 'system_cache_wr...')
#5 /var/www/html/pimcore/lib/Pimcore/Db/Wrapper.php(291): call_user_func_array(A in /var/www/html/vendor/zendframework/zendframework1/library/Zend/Db/Statement/Mysqli.php on line 77
[02-Sep-2020 15:34:12 Asia/Taipei] PHP Fatal error:  Uncaught Zend_Db_Statement_Mysqli_Exception: Mysqli prepare error: Table 'pimcore.cache' doesn't exist in /var/www/html/vendor/zendframework/zendframework1/library/Zend/Db/Statement/Mysqli.php:77
Stack trace:
#0 /var/www/html/vendor/zendframework/zendframework1/library/Zend/Db/Statement.php(115): Zend_Db_Statement_Mysqli->_prepare('SELECT data,exp...')
#1 /var/www/html/vendor/zendframework/zendframework1/library/Zend/Db/Adapter/Mysqli.php(388): Zend_Db_Statement->__construct(Object(Zend_Db_Adapter_Mysqli), 'SELECT data,exp...')
#2 /var/www/html/vendor/zendframework/zendframework1/library/Zend/Db/Adapter/Abstract.php(479): Zend_Db_Adapter_Mysqli->prepare('SELECT data,exp...')
#3 /var/www/html/vendor/zendframework/zendframework1/library/Zend/Db/Adapter/Abstract.php(756): Zend_Db_Adapter_Abstract->query('SELECT data,exp...', Array)
#4 [internal function]: Zend_Db_Adapter_Abstract->fetchRow('SELECT data,exp...', 'system_cache_wr...')
#5 /var/www/html/pimcore/lib/Pimcore/Db/Wrapper.php(291): call_user_func_array(A in /var/www/html/vendor/zendframework/zendframework1/library/Zend/Db/Statement/Mysqli.php on line 77
[02-Sep-2020 15:34:12 Asia/Taipei] PHP Fatal error:  Uncaught Zend_Db_Statement_Mysqli_Exception: Mysqli prepare error: Table 'pimcore.cache' doesn't exist in /var/www/html/vendor/zendframework/zendframework1/library/Zend/Db/Statement/Mysqli.php:77
Stack trace:
#0 /var/www/html/vendor/zendframework/zendframework1/library/Zend/Db/Statement.php(115): Zend_Db_Statement_Mysqli->_prepare('SELECT data,exp...')
#1 /var/www/html/vendor/zendframework/zendframework1/library/Zend/Db/Adapter/Mysqli.php(388): Zend_Db_Statement->__construct(Object(Zend_Db_Adapter_Mysqli), 'SELECT data,exp...')
#2 /var/www/html/vendor/zendframework/zendframework1/library/Zend/Db/Adapter/Abstract.php(479): Zend_Db_Adapter_Mysqli->prepare('SELECT data,exp...')
#3 /var/www/html/vendor/zendframework/zendframework1/library/Zend/Db/Adapter/Abstract.php(756): Zend_Db_Adapter_Abstract->query('SELECT data,exp...', Array)
#4 [internal function]: Zend_Db_Adapter_Abstract->fetchRow('SELECT data,exp...', 'system_cache_wr...')
#5 /var/www/html/pimcore/lib/Pimcore/Db/Wrapper.php(291): call_user_func_array(A in /var/www/html/vendor/zendframework/zendframework1/library/Zend/Db/Statement/Mysqli.php on line 77
[02-Sep-2020 15:34:12 Asia/Taipei] PHP Fatal error:  Uncaught Zend_Db_Statement_Mysqli_Exception: Mysqli prepare error: Table 'pimcore.cache' doesn't exist in /var/www/html/vendor/zendframework/zendframework1/library/Zend/Db/Statement/Mysqli.php:77
Stack trace:
#0 /var/www/html/vendor/zendframework/zendframework1/library/Zend/Db/Statement.php(115): Zend_Db_Statement_Mysqli->_prepare('SELECT data,exp...')
#1 /var/www/html/vendor/zendframework/zendframework1/library/Zend/Db/Adapter/Mysqli.php(388): Zend_Db_Statement->__construct(Object(Zend_Db_Adapter_Mysqli), 'SELECT data,exp...')
#2 /var/www/html/vendor/zendframework/zendframework1/library/Zend/Db/Adapter/Abstract.php(479): Zend_Db_Adapter_Mysqli->prepare('SELECT data,exp...')
#3 /var/www/html/vendor/zendframework/zendframework1/library/Zend/Db/Adapter/Abstract.php(756): Zend_Db_Adapter_Abstract->query('SELECT data,exp...', Array)
#4 [internal function]: Zend_Db_Adapter_Abstract->fetchRow('SELECT data,exp...', 'system_cache_wr...')
#5 /var/www/html/pimcore/lib/Pimcore/Db/Wrapper.php(291): call_user_func_array(A in /var/www/html/vendor/zendframework/zendframework1/library/Zend/Db/Statement/Mysqli.php on line 77
[02-Sep-2020 15:34:12 Asia/Taipei] PHP Fatal error:  Uncaught Zend_Db_Statement_Mysqli_Exception: Mysqli prepare error: Table 'pimcore.cache' doesn't exist in /var/www/html/vendor/zendframework/zendframework1/library/Zend/Db/Statement/Mysqli.php:77
Stack trace:
#0 /var/www/html/vendor/zendframework/zendframework1/library/Zend/Db/Statement.php(115): Zend_Db_Statement_Mysqli->_prepare('SELECT data,exp...')
#1 /var/www/html/vendor/zendframework/zendframework1/library/Zend/Db/Adapter/Mysqli.php(388): Zend_Db_Statement->__construct(Object(Zend_Db_Adapter_Mysqli), 'SELECT data,exp...')
#2 /var/www/html/vendor/zendframework/zendframework1/library/Zend/Db/Adapter/Abstract.php(479): Zend_Db_Adapter_Mysqli->prepare('SELECT data,exp...')
#3 /var/www/html/vendor/zendframework/zendframework1/library/Zend/Db/Adapter/Abstract.php(756): Zend_Db_Adapter_Abstract->query('SELECT data,exp...', Array)
#4 [internal function]: Zend_Db_Adapter_Abstract->fetchRow('SELECT data,exp...', 'system_cache_wr...')
#5 /var/www/html/pimcore/lib/Pimcore/Db/Wrapper.php(291): call_user_func_array(A in /var/www/html/vendor/zendframework/zendframework1/library/Zend/Db/Statement/Mysqli.php on line 77
[02-Sep-2020 15:43:16 Asia/Taipei] PHP Fatal error:  Uncaught Zend_Db_Statement_Mysqli_Exception: Mysqli prepare error: Table 'pimcore.cache' doesn't exist in /var/www/html/vendor/zendframework/zendframework1/library/Zend/Db/Statement/Mysqli.php:77
Stack trace:
#0 /var/www/html/vendor/zendframework/zendframework1/library/Zend/Db/Statement.php(115): Zend_Db_Statement_Mysqli->_prepare('SELECT data,exp...')
#1 /var/www/html/vendor/zendframework/zendframework1/library/Zend/Db/Adapter/Mysqli.php(388): Zend_Db_Statement->__construct(Object(Zend_Db_Adapter_Mysqli), 'SELECT data,exp...')
#2 /var/www/html/vendor/zendframework/zendframework1/library/Zend/Db/Adapter/Abstract.php(479): Zend_Db_Adapter_Mysqli->prepare('SELECT data,exp...')
#3 /var/www/html/vendor/zendframework/zendframework1/library/Zend/Db/Adapter/Abstract.php(756): Zend_Db_Adapter_Abstract->query('SELECT data,exp...', Array)
#4 [internal function]: Zend_Db_Adapter_Abstract->fetchRow('SELECT data,exp...', 'system_cache_wr...')
#5 /var/www/html/pimcore/lib/Pimcore/Db/Wrapper.php(291): call_user_func_array(A in /var/www/html/vendor/zendframework/zendframework1/library/Zend/Db/Statement/Mysqli.php on line 77
[02-Sep-2020 15:43:16 Asia/Taipei] PHP Fatal error:  Uncaught Zend_Db_Statement_Mysqli_Exception: Mysqli prepare error: Table 'pimcore.cache' doesn't exist in /var/www/html/vendor/zendframework/zendframework1/library/Zend/Db/Statement/Mysqli.php:77
Stack trace:
#0 /var/www/html/vendor/zendframework/zendframework1/library/Zend/Db/Statement.php(115): Zend_Db_Statement_Mysqli->_prepare('SELECT data,exp...')
#1 /var/www/html/vendor/zendframework/zendframework1/library/Zend/Db/Adapter/Mysqli.php(388): Zend_Db_Statement->__construct(Object(Zend_Db_Adapter_Mysqli), 'SELECT data,exp...')
#2 /var/www/html/vendor/zendframework/zendframework1/library/Zend/Db/Adapter/Abstract.php(479): Zend_Db_Adapter_Mysqli->prepare('SELECT data,exp...')
#3 /var/www/html/vendor/zendframework/zendframework1/library/Zend/Db/Adapter/Abstract.php(756): Zend_Db_Adapter_Abstract->query('SELECT data,exp...', Array)
#4 [internal function]: Zend_Db_Adapter_Abstract->fetchRow('SELECT data,exp...', 'system_cache_wr...')
#5 /var/www/html/pimcore/lib/Pimcore/Db/Wrapper.php(291): call_user_func_array(A in /var/www/html/vendor/zendframework/zendframework1/library/Zend/Db/Statement/Mysqli.php on line 77
[02-Sep-2020 15:43:18 Asia/Taipei] PHP Fatal error:  Uncaught Zend_Db_Statement_Mysqli_Exception: Mysqli prepare error: Table 'pimcore.cache' doesn't exist in /var/www/html/vendor/zendframework/zendframework1/library/Zend/Db/Statement/Mysqli.php:77
Stack trace:
#0 /var/www/html/vendor/zendframework/zendframework1/library/Zend/Db/Statement.php(115): Zend_Db_Statement_Mysqli->_prepare('SELECT data,exp...')
#1 /var/www/html/vendor/zendframework/zendframework1/library/Zend/Db/Adapter/Mysqli.php(388): Zend_Db_Statement->__construct(Object(Zend_Db_Adapter_Mysqli), 'SELECT data,exp...')
#2 /var/www/html/vendor/zendframework/zendframework1/library/Zend/Db/Adapter/Abstract.php(479): Zend_Db_Adapter_Mysqli->prepare('SELECT data,exp...')
#3 /var/www/html/vendor/zendframework/zendframework1/library/Zend/Db/Adapter/Abstract.php(756): Zend_Db_Adapter_Abstract->query('SELECT data,exp...', Array)
#4 [internal function]: Zend_Db_Adapter_Abstract->fetchRow('SELECT data,exp...', 'system_cache_wr...')
#5 /var/www/html/pimcore/lib/Pimcore/Db/Wrapper.php(291): call_user_func_array(A in /var/www/html/vendor/zendframework/zendframework1/library/Zend/Db/Statement/Mysqli.php on line 77
[02-Sep-2020 15:43:18 Asia/Taipei] PHP Fatal error:  Uncaught Zend_Db_Statement_Mysqli_Exception: Mysqli prepare error: Table 'pimcore.cache' doesn't exist in /var/www/html/vendor/zendframework/zendframework1/library/Zend/Db/Statement/Mysqli.php:77
Stack trace:
#0 /var/www/html/vendor/zendframework/zendframework1/library/Zend/Db/Statement.php(115): Zend_Db_Statement_Mysqli->_prepare('SELECT data,exp...')
#1 /var/www/html/vendor/zendframework/zendframework1/library/Zend/Db/Adapter/Mysqli.php(388): Zend_Db_Statement->__construct(Object(Zend_Db_Adapter_Mysqli), 'SELECT data,exp...')
#2 /var/www/html/vendor/zendframework/zendframework1/library/Zend/Db/Adapter/Abstract.php(479): Zend_Db_Adapter_Mysqli->prepare('SELECT data,exp...')
#3 /var/www/html/vendor/zendframework/zendframework1/library/Zend/Db/Adapter/Abstract.php(756): Zend_Db_Adapter_Abstract->query('SELECT data,exp...', Array)
#4 [internal function]: Zend_Db_Adapter_Abstract->fetchRow('SELECT data,exp...', 'system_cache_wr...')
#5 /var/www/html/pimcore/lib/Pimcore/Db/Wrapper.php(291): call_user_func_array(A in /var/www/html/vendor/zendframework/zendframework1/library/Zend/Db/Statement/Mysqli.php on line 77
